{"numTotalTestSuites":206,"numPassedTestSuites":146,"numFailedTestSuites":60,"numPendingTestSuites":0,"numTotalTests":413,"numPassedTests":328,"numFailedTests":85,"numPendingTests":0,"numTodoTests":0,"snapshot":{"added":0,"failure":false,"filesAdded":0,"filesRemoved":0,"filesRemovedList":[],"filesUnmatched":0,"filesUpdated":0,"matched":0,"total":0,"unchecked":0,"uncheckedKeysByFile":[],"unmatched":0,"updated":0,"didUpdate":false},"startTime":1779001434040,"success":false,"testResults":[{"assertionResults":[{"ancestorTitles":["Property 2: Preservation - Functional Behavior Unchanged"],"fullName":"Property 2: Preservation - Functional Behavior Unchanged 3.3 clicking uploader name should trigger onProfileClick","status":"passed","title":"3.3 clicking uploader name should trigger onProfileClick","duration":114.92309999999998,"failureMessages":[],"meta":{},"tags":[]},{"ancestorTitles":["Property 2: Preservation - Functional Behavior Unchanged"],"fullName":"Property 2: Preservation - Functional Behavior Unchanged 3.6 clicking edit button should trigger onEdit callback","status":"passed","title":"3.6 clicking edit button should trigger onEdit callback","duration":44.73010000000022,"failureMessages":[],"meta":{},"tags":[]},{"ancestorTitles":["Property 2: Preservation - Functional Behavior Unchanged"],"fullName":"Property 2: Preservation - Functional Behavior Unchanged 3.7 clicking open document button should open URL in new tab","status":"passed","title":"3.7 clicking open document button should open URL in new tab","duration":40.857800000000225,"failureMessages":[],"meta":{},"tags":[]},{"ancestorTitles":["Property 2: Preservation - Functional Behavior Unchanged"],"fullName":"Property 2: Preservation - Functional Behavior Unchanged 3.5 should display major tag with icon","status":"passed","title":"3.5 should display major tag with icon","duration":55.50709999999981,"failureMessages":[],"meta":{},"tags":[]}],"startTime":1779001446125,"endTime":1779001446381.507,"status":"passed","message":"","name":"C:/Users/Admin/Documents/tvu-student-connect/src/components/DocumentCard.preservation.pbt.test.tsx"},{"assertionResults":[{"ancestorTitles":["Property 1: Bug Condition - Uploader Info Text Alignment"],"fullName":"Property 1: Bug Condition - Uploader Info Text Alignment Desktop layout: uploader info container should have consistent left alignment with description (both major and subject tags)","status":"failed","title":"Desktop layout: uploader info container should have consistent left alignment with description (both major and subject tags)","duration":120.56770000000006,"failureMessages":["AssertionError: expected false to be true // Object.is equality\n    at C:/Users/Admin/Documents/tvu-student-connect/src/components/DocumentCard.uploader-alignment.pbt.test.tsx:164:25\n    at file:///C:/Users/Admin/Documents/tvu-student-connect/node_modules/@vitest/runner/dist/chunk-artifact.js:302:11\n    at file:///C:/Users/Admin/Documents/tvu-student-connect/node_modules/@vitest/runner/dist/chunk-artifact.js:1903:26\n    at file:///C:/Users/Admin/Documents/tvu-student-connect/node_modules/@vitest/runner/dist/chunk-artifact.js:2326:20\n    at new Promise (<anonymous>)\n    at runWithCancel (file:///C:/Users/Admin/Documents/tvu-student-connect/node_modules/@vitest/runner/dist/chunk-artifact.js:2323:10)\n    at file:///C:/Users/Admin/Documents/tvu-student-connect/node_modules/@vitest/runner/dist/chunk-artifact.js:2305:20\n    at new Promise (<anonymous>)\n    at runWithTimeout (file:///C:/Users/Admin/Documents/tvu-student-connect/node_modules/@vitest/runner/dist/chunk-artifact.js:2272:10)\n    at file:///C:/Users/Admin/Documents/tvu-student-connect/node_modules/@vitest/runner/dist/chunk-artifact.js:2955:64"],"meta":{},"tags":[]},{"ancestorTitles":["Property 1: Bug Condition - Uploader Info Text Alignment"],"fullName":"Property 1: Bug Condition - Uploader Info Text Alignment Mobile layout: uploader info container should have consistent left alignment with description (both major and subject tags)","status":"failed","title":"Mobile layout: uploader info container should have consistent left alignment with description (both major and subject tags)","duration":23.529499999999643,"failureMessages":["AssertionError: expected false to be true // Object.is equality\n    at C:/Users/Admin/Documents/tvu-student-connect/src/components/DocumentCard.uploader-alignment.pbt.test.tsx:212:25\n    at file:///C:/Users/Admin/Documents/tvu-student-connect/node_modules/@vitest/runner/dist/chunk-artifact.js:302:11\n    at file:///C:/Users/Admin/Documents/tvu-student-connect/node_modules/@vitest/runner/dist/chunk-artifact.js:1903:26\n    at file:///C:/Users/Admin/Documents/tvu-student-connect/node_modules/@vitest/runner/dist/chunk-artifact.js:2326:20\n    at new Promise (<anonymous>)\n    at runWithCancel (file:///C:/Users/Admin/Documents/tvu-student-connect/node_modules/@vitest/runner/dist/chunk-artifact.js:2323:10)\n    at file:///C:/Users/Admin/Documents/tvu-student-connect/node_modules/@vitest/runner/dist/chunk-artifact.js:2305:20\n    at new Promise (<anonymous>)\n    at runWithTimeout (file:///C:/Users/Admin/Documents/tvu-student-connect/node_modules/@vitest/runner/dist/chunk-artifact.js:2272:10)\n    at file:///C:/Users/Admin/Documents/tvu-student-connect/node_modules/@vitest/runner/dist/chunk-artifact.js:2955:64"],"meta":{},"tags":[]},{"ancestorTitles":["Property 1: Bug Condition - Uploader Info Text Alignment"],"fullName":"Property 1: Bug Condition - Uploader Info Text Alignment Desktop layout: uploader info container should have consistent left alignment with description (only major tag, no subject)","status":"failed","title":"Desktop layout: uploader info container should have consistent left alignment with description (only major tag, no subject)","duration":19.106900000000223,"failureMessages":["AssertionError: expected false to be true // Object.is equality\n    at C:/Users/Admin/Documents/tvu-student-connect/src/components/DocumentCard.uploader-alignment.pbt.test.tsx:260:25\n    at file:///C:/Users/Admin/Documents/tvu-student-connect/node_modules/@vitest/runner/dist/chunk-artifact.js:302:11\n    at file:///C:/Users/Admin/Documents/tvu-student-connect/node_modules/@vitest/runner/dist/chunk-artifact.js:1903:26\n    at file:///C:/Users/Admin/Documents/tvu-student-connect/node_modules/@vitest/runner/dist/chunk-artifact.js:2326:20\n    at new Promise (<anonymous>)\n    at runWithCancel (file:///C:/Users/Admin/Documents/tvu-student-connect/node_modules/@vitest/runner/dist/chunk-artifact.js:2323:10)\n    at file:///C:/Users/Admin/Documents/tvu-student-connect/node_modules/@vitest/runner/dist/chunk-artifact.js:2305:20\n    at new Promise (<anonymous>)\n    at runWithTimeout (file:///C:/Users/Admin/Documents/tvu-student-connect/node_modules/@vitest/runner/dist/chunk-artifact.js:2272:10)\n    at file:///C:/Users/Admin/Documents/tvu-student-connect/node_modules/@vitest/runner/dist/chunk-artifact.js:2955:64"],"meta":{},"tags":[]},{"ancestorTitles":["Property 1: Bug Condition - Uploader Info Text Alignment"],"fullName":"Property 1: Bug Condition - Uploader Info Text Alignment Mobile layout: uploader info container should have consistent left alignment with description (only major tag, no subject)","status":"failed","title":"Mobile layout: uploader info container should have consistent left alignment with description (only major tag, no subject)","duration":20.989900000000034,"failureMessages":["AssertionError: expected false to be true // Object.is equality\n    at C:/Users/Admin/Documents/tvu-student-connect/src/components/DocumentCard.uploader-alignment.pbt.test.tsx:308:25\n    at file:///C:/Users/Admin/Documents/tvu-student-connect/node_modules/@vitest/runner/dist/chunk-artifact.js:302:11\n    at file:///C:/Users/Admin/Documents/tvu-student-connect/node_modules/@vitest/runner/dist/chunk-artifact.js:1903:26\n    at file:///C:/Users/Admin/Documents/tvu-student-connect/node_modules/@vitest/runner/dist/chunk-artifact.js:2326:20\n    at new Promise (<anonymous>)\n    at runWithCancel (file:///C:/Users/Admin/Documents/tvu-student-connect/node_modules/@vitest/runner/dist/chunk-artifact.js:2323:10)\n    at file:///C:/Users/Admin/Documents/tvu-student-connect/node_modules/@vitest/runner/dist/chunk-artifact.js:2305:20\n    at new Promise (<anonymous>)\n    at runWithTimeout (file:///C:/Users/Admin/Documents/tvu-student-connect/node_modules/@vitest/runner/dist/chunk-artifact.js:2272:10)\n    at file:///C:/Users/Admin/Documents/tvu-student-connect/node_modules/@vitest/runner/dist/chunk-artifact.js:2955:64"],"meta":{},"tags":[]},{"ancestorTitles":["Property 1: Bug Condition - Uploader Info Text Alignment"],"fullName":"Property 1: Bug Condition - Uploader Info Text Alignment Property: Uploader info container has consistent left alignment with description across all viewport sizes and document configurations","status":"failed","title":"Property: Uploader info container has consistent left alignment with description across all viewport sizes and document configurations","duration":844.7376000000004,"failureMessages":["Error: Property failed after 1 tests\n{ seed: 349923928, path: \"0:0:0:0:0:0:0:0:0:0:0:0:0:0:0:0:0:0:0:0:0:0:0:0:0:0:0:0:0:0:0:0:0:0:0:0:0:0:0:0:0:0:0:0:0\", endOnFailure: true }\nCounterexample: [320,{\"id\":\" \",\"title\":\"          \",\"description\":\"                    \",\"url\":\"https://example.com/doc.pdf\",\"major_id\":\"cntt\",\"subject\":\"Programming\",\"category\":\"Lecture Notes\",\"createdBy\":\"     \",\"createdAt\":Timestamp(seconds=1779001437, nanoseconds=848000000),\"updatedAt\":Timestamp(seconds=1779001437, nanoseconds=848000000)}]\nShrunk 44 time(s)\n\nHint: Enable verbose mode in order to have the list of all failing values encountered during the run\n    at buildError (file:///C:/Users/Admin/Documents/tvu-student-connect/node_modules/fast-check/lib/fast-check.js:2434:16)\n    at throwIfFailed (file:///C:/Users/Admin/Documents/tvu-student-connect/node_modules/fast-check/lib/fast-check.js:2441:8)\n    at reportRunDetails (file:///C:/Users/Admin/Documents/tvu-student-connect/node_modules/fast-check/lib/fast-check.js:2457:14)\n    at Proxy.assert (file:///C:/Users/Admin/Documents/tvu-student-connect/node_modules/fast-check/lib/fast-check.js:2514:7)\n    at C:/Users/Admin/Documents/tvu-student-connect/src/components/DocumentCard.uploader-alignment.pbt.test.tsx:313:8\n    at file:///C:/Users/Admin/Documents/tvu-student-connect/node_modules/@vitest/runner/dist/chunk-artifact.js:302:11\n    at file:///C:/Users/Admin/Documents/tvu-student-connect/node_modules/@vitest/runner/dist/chunk-artifact.js:1903:26\n    at file:///C:/Users/Admin/Documents/tvu-student-connect/node_modules/@vitest/runner/dist/chunk-artifact.js:2326:20\n    at new Promise (<anonymous>)\n    at runWithCancel (file:///C:/Users/Admin/Documents/tvu-student-connect/node_modules/@vitest/runner/dist/chunk-artifact.js:2323:10)"],"meta":{},"tags":[]}],"startTime":1779001437659,"endTime":1779001438688.7375,"status":"failed","message":"","name":"C:/Users/Admin/Documents/tvu-student-connect/src/components/DocumentCard.uploader-alignment.pbt.test.tsx"},{"assertionResults":[{"ancestorTitles":["Property 1: Bug Condition - Mobile Light Mode Display Failure"],"fullName":"Property 1: Bug Condition - Mobile Light Mode Display Failure SearchBar should display white background and black text on mobile light mode","status":"failed","title":"SearchBar should display white background and black text on mobile light mode","duration":401.3849,"failureMessages":["AssertionError: expected '#000000' to be '#FFFFFF' // Object.is equality\n    at C:/Users/Admin/Documents/tvu-student-connect/src/components/DocumentRepository.mobile-light-mode.pbt.test.tsx:82:19\n    at file:///C:/Users/Admin/Documents/tvu-student-connect/node_modules/@vitest/runner/dist/chunk-artifact.js:302:11\n    at file:///C:/Users/Admin/Documents/tvu-student-connect/node_modules/@vitest/runner/dist/chunk-artifact.js:1903:26\n    at file:///C:/Users/Admin/Documents/tvu-student-connect/node_modules/@vitest/runner/dist/chunk-artifact.js:2326:20\n    at new Promise (<anonymous>)\n    at runWithCancel (file:///C:/Users/Admin/Documents/tvu-student-connect/node_modules/@vitest/runner/dist/chunk-artifact.js:2323:10)\n    at file:///C:/Users/Admin/Documents/tvu-student-connect/node_modules/@vitest/runner/dist/chunk-artifact.js:2305:20\n    at new Promise (<anonymous>)\n    at runWithTimeout (file:///C:/Users/Admin/Documents/tvu-student-connect/node_modules/@vitest/runner/dist/chunk-artifact.js:2272:10)\n    at file:///C:/Users/Admin/Documents/tvu-student-connect/node_modules/@vitest/runner/dist/chunk-artifact.js:2955:64"],"meta":{},"tags":[]},{"ancestorTitles":["Property 1: Bug Condition - Mobile Light Mode Display Failure"],"fullName":"Property 1: Bug Condition - Mobile Light Mode Display Failure FilterPanel should display white background and black text on mobile light mode","status":"failed","title":"FilterPanel should display white background and black text on mobile light mode","duration":112.36909999999989,"failureMessages":["AssertionError: expected '#000000' to be '#FFFFFF' // Object.is equality\n    at C:/Users/Admin/Documents/tvu-student-connect/src/components/DocumentRepository.mobile-light-mode.pbt.test.tsx:110:19\n    at file:///C:/Users/Admin/Documents/tvu-student-connect/node_modules/@vitest/runner/dist/chunk-artifact.js:302:11\n    at file:///C:/Users/Admin/Documents/tvu-student-connect/node_modules/@vitest/runner/dist/chunk-artifact.js:1903:26\n    at file:///C:/Users/Admin/Documents/tvu-student-connect/node_modules/@vitest/runner/dist/chunk-artifact.js:2326:20\n    at new Promise (<anonymous>)\n    at runWithCancel (file:///C:/Users/Admin/Documents/tvu-student-connect/node_modules/@vitest/runner/dist/chunk-artifact.js:2323:10)\n    at file:///C:/Users/Admin/Documents/tvu-student-connect/node_modules/@vitest/runner/dist/chunk-artifact.js:2305:20\n    at new Promise (<anonymous>)\n    at runWithTimeout (file:///C:/Users/Admin/Documents/tvu-student-connect/node_modules/@vitest/runner/dist/chunk-artifact.js:2272:10)\n    at file:///C:/Users/Admin/Documents/tvu-student-connect/node_modules/@vitest/runner/dist/chunk-artifact.js:2955:64"],"meta":{},"tags":[]},{"ancestorTitles":["Property 1: Bug Condition - Mobile Light Mode Display Failure"],"fullName":"Property 1: Bug Condition - Mobile Light Mode Display Failure DocumentCard should display white background and black text on mobile light mode","status":"failed","title":"DocumentCard should display white background and black text on mobile light mode","duration":77.6857,"failureMessages":["AssertionError: expected '#000000' to be '#FFFFFF' // Object.is equality\n    at C:/Users/Admin/Documents/tvu-student-connect/src/components/DocumentRepository.mobile-light-mode.pbt.test.tsx:156:19\n    at file:///C:/Users/Admin/Documents/tvu-student-connect/node_modules/@vitest/runner/dist/chunk-artifact.js:302:11\n    at file:///C:/Users/Admin/Documents/tvu-student-connect/node_modules/@vitest/runner/dist/chunk-artifact.js:1903:26\n    at file:///C:/Users/Admin/Documents/tvu-student-connect/node_modules/@vitest/runner/dist/chunk-artifact.js:2326:20\n    at new Promise (<anonymous>)\n    at runWithCancel (file:///C:/Users/Admin/Documents/tvu-student-connect/node_modules/@vitest/runner/dist/chunk-artifact.js:2323:10)\n    at file:///C:/Users/Admin/Documents/tvu-student-connect/node_modules/@vitest/runner/dist/chunk-artifact.js:2305:20\n    at new Promise (<anonymous>)\n    at runWithTimeout (file:///C:/Users/Admin/Documents/tvu-student-connect/node_modules/@vitest/runner/dist/chunk-artifact.js:2272:10)\n    at file:///C:/Users/Admin/Documents/tvu-student-connect/node_modules/@vitest/runner/dist/chunk-artifact.js:2955:64"],"meta":{},"tags":[]},{"ancestorTitles":["Property 1: Bug Condition - Mobile Light Mode Display Failure"],"fullName":"Property 1: Bug Condition - Mobile Light Mode Display Failure Property: All components display white backgrounds and black text on mobile light mode","status":"failed","title":"Property: All components display white backgrounds and black text on mobile light mode","duration":245.79619999999977,"failureMessages":["Error: Property failed after 1 tests\n{ seed: 1305637331, path: \"0:0\", endOnFailure: true }\nCounterexample: [320]\nShrunk 1 time(s)\n\nHint: Enable verbose mode in order to have the list of all failing values encountered during the run\n    at buildError (file:///C:/Users/Admin/Documents/tvu-student-connect/node_modules/fast-check/lib/fast-check.js:2434:16)\n    at throwIfFailed (file:///C:/Users/Admin/Documents/tvu-student-connect/node_modules/fast-check/lib/fast-check.js:2441:8)\n    at reportRunDetails (file:///C:/Users/Admin/Documents/tvu-student-connect/node_modules/fast-check/lib/fast-check.js:2457:14)\n    at Proxy.assert (file:///C:/Users/Admin/Documents/tvu-student-connect/node_modules/fast-check/lib/fast-check.js:2514:7)\n    at C:/Users/Admin/Documents/tvu-student-connect/src/components/DocumentRepository.mobile-light-mode.pbt.test.tsx:161:8\n    at file:///C:/Users/Admin/Documents/tvu-student-connect/node_modules/@vitest/runner/dist/chunk-artifact.js:302:11\n    at file:///C:/Users/Admin/Documents/tvu-student-connect/node_modules/@vitest/runner/dist/chunk-artifact.js:1903:26\n    at file:///C:/Users/Admin/Documents/tvu-student-connect/node_modules/@vitest/runner/dist/chunk-artifact.js:2326:20\n    at new Promise (<anonymous>)\n    at runWithCancel (file:///C:/Users/Admin/Documents/tvu-student-connect/node_modules/@vitest/runner/dist/chunk-artifact.js:2323:10)"],"meta":{},"tags":[]}],"startTime":1779001438214,"endTime":1779001439051.7961,"status":"failed","message":"","name":"C:/Users/Admin/Documents/tvu-student-connect/src/components/DocumentRepository.mobile-light-mode.pbt.test.tsx"},{"assertionResults":[{"ancestorTitles":["Property 2: Preservation - Non-Mobile-Light-Mode Behavior","Desktop Light Mode Preservation (1920x1080, light mode)"],"fullName":"Property 2: Preservation - Non-Mobile-Light-Mode Behavior Desktop Light Mode Preservation (1920x1080, light mode) SearchBar should have light mode classes on desktop","status":"passed","title":"SearchBar should have light mode classes on desktop","duration":56.69709999999941,"failureMessages":[],"meta":{},"tags":[]},{"ancestorTitles":["Property 2: Preservation - Non-Mobile-Light-Mode Behavior","Desktop Light Mode Preservation (1920x1080, light mode)"],"fullName":"Property 2: Preservation - Non-Mobile-Light-Mode Behavior Desktop Light Mode Preservation (1920x1080, light mode) FilterPanel should have light mode classes on desktop","status":"passed","title":"FilterPanel should have light mode classes on desktop","duration":34.61540000000059,"failureMessages":[],"meta":{},"tags":[]},{"ancestorTitles":["Property 2: Preservation - Non-Mobile-Light-Mode Behavior","Desktop Light Mode Preservation (1920x1080, light mode)"],"fullName":"Property 2: Preservation - Non-Mobile-Light-Mode Behavior Desktop Light Mode Preservation (1920x1080, light mode) DocumentCard should have light mode classes on desktop","status":"passed","title":"DocumentCard should have light mode classes on desktop","duration":42.14679999999953,"failureMessages":[],"meta":{},"tags":[]},{"ancestorTitles":["Property 2: Preservation - Non-Mobile-Light-Mode Behavior","Desktop Dark Mode Preservation (1920x1080, dark mode)"],"fullName":"Property 2: Preservation - Non-Mobile-Light-Mode Behavior Desktop Dark Mode Preservation (1920x1080, dark mode) SearchBar should have dark mode classes on desktop","status":"passed","title":"SearchBar should have dark mode classes on desktop","duration":7.407599999999547,"failureMessages":[],"meta":{},"tags":[]},{"ancestorTitles":["Property 2: Preservation - Non-Mobile-Light-Mode Behavior","Desktop Dark Mode Preservation (1920x1080, dark mode)"],"fullName":"Property 2: Preservation - Non-Mobile-Light-Mode Behavior Desktop Dark Mode Preservation (1920x1080, dark mode) FilterPanel should have dark mode classes on desktop","status":"passed","title":"FilterPanel should have dark mode classes on desktop","duration":17.214700000000448,"failureMessages":[],"meta":{},"tags":[]},{"ancestorTitles":["Property 2: Preservation - Non-Mobile-Light-Mode Behavior","Desktop Dark Mode Preservation (1920x1080, dark mode)"],"fullName":"Property 2: Preservation - Non-Mobile-Light-Mode Behavior Desktop Dark Mode Preservation (1920x1080, dark mode) DocumentCard should have dark mode classes on desktop","status":"passed","title":"DocumentCard should have dark mode classes on desktop","duration":27.191200000000208,"failureMessages":[],"meta":{},"tags":[]},{"ancestorTitles":["Property 2: Preservation - Non-Mobile-Light-Mode Behavior","Mobile Dark Mode Preservation (375px, dark mode)"],"fullName":"Property 2: Preservation - Non-Mobile-Light-Mode Behavior Mobile Dark Mode Preservation (375px, dark mode) SearchBar should have dark mode classes on mobile","status":"passed","title":"SearchBar should have dark mode classes on mobile","duration":5.912699999999859,"failureMessages":[],"meta":{},"tags":[]},{"ancestorTitles":["Property 2: Preservation - Non-Mobile-Light-Mode Behavior","Mobile Dark Mode Preservation (375px, dark mode)"],"fullName":"Property 2: Preservation - Non-Mobile-Light-Mode Behavior Mobile Dark Mode Preservation (375px, dark mode) FilterPanel should have dark mode classes on mobile","status":"passed","title":"FilterPanel should have dark mode classes on mobile","duration":15.064000000000306,"failureMessages":[],"meta":{},"tags":[]},{"ancestorTitles":["Property 2: Preservation - Non-Mobile-Light-Mode Behavior","Mobile Dark Mode Preservation (375px, dark mode)"],"fullName":"Property 2: Preservation - Non-Mobile-Light-Mode Behavior Mobile Dark Mode Preservation (375px, dark mode) DocumentCard should have dark mode classes on mobile","status":"passed","title":"DocumentCard should have dark mode classes on mobile","duration":30.608900000000176,"failureMessages":[],"meta":{},"tags":[]},{"ancestorTitles":["Property 2: Preservation - Non-Mobile-Light-Mode Behavior","Tablet Breakpoint Preservation (768px, both modes)"],"fullName":"Property 2: Preservation - Non-Mobile-Light-Mode Behavior Tablet Breakpoint Preservation (768px, both modes) Components should have desktop light mode classes at 768px in light mode","status":"passed","title":"Components should have desktop light mode classes at 768px in light mode","duration":8.600999999999658,"failureMessages":[],"meta":{},"tags":[]},{"ancestorTitles":["Property 2: Preservation - Non-Mobile-Light-Mode Behavior","Tablet Breakpoint Preservation (768px, both modes)"],"fullName":"Property 2: Preservation - Non-Mobile-Light-Mode Behavior Tablet Breakpoint Preservation (768px, both modes) Components should have desktop dark mode classes at 768px in dark mode","status":"passed","title":"Components should have desktop dark mode classes at 768px in dark mode","duration":3.495199999999386,"failureMessages":[],"meta":{},"tags":[]},{"ancestorTitles":["Property 2: Preservation - Non-Mobile-Light-Mode Behavior","Property-Based: Desktop viewport sizes preserve correct styling"],"fullName":"Property 2: Preservation - Non-Mobile-Light-Mode Behavior Property-Based: Desktop viewport sizes preserve correct styling Desktop light mode classes are consistent across viewport sizes","status":"passed","title":"Desktop light mode classes are consistent across viewport sizes","duration":50.930199999999786,"failureMessages":[],"meta":{},"tags":[]},{"ancestorTitles":["Property 2: Preservation - Non-Mobile-Light-Mode Behavior","Property-Based: Desktop viewport sizes preserve correct styling"],"fullName":"Property 2: Preservation - Non-Mobile-Light-Mode Behavior Property-Based: Desktop viewport sizes preserve correct styling Desktop dark mode classes are consistent across viewport sizes","status":"passed","title":"Desktop dark mode classes are consistent across viewport sizes","duration":55.98999999999978,"failureMessages":[],"meta":{},"tags":[]},{"ancestorTitles":["Property 2: Preservation - Non-Mobile-Light-Mode Behavior","Property-Based: Mobile dark mode styling is consistent"],"fullName":"Property 2: Preservation - Non-Mobile-Light-Mode Behavior Property-Based: Mobile dark mode styling is consistent Mobile dark mode classes are consistent across mobile viewport sizes","status":"passed","title":"Mobile dark mode classes are consistent across mobile viewport sizes","duration":36.07619999999952,"failureMessages":[],"meta":{},"tags":[]},{"ancestorTitles":["Property 2: Preservation - Non-Mobile-Light-Mode Behavior","Property-Based: All components preserve styling across scenarios"],"fullName":"Property 2: Preservation - Non-Mobile-Light-Mode Behavior Property-Based: All components preserve styling across scenarios All components maintain correct classes for non-mobile-light-mode scenarios","status":"passed","title":"All components maintain correct classes for non-mobile-light-mode scenarios","duration":623.8270000000002,"failureMessages":[],"meta":{},"tags":[]}],"startTime":1779001443598,"endTime":1779001444614.827,"status":"passed","message":"","name":"C:/Users/Admin/Documents/tvu-student-connect/src/components/DocumentRepository.preservation.pbt.test.tsx"},{"assertionResults":[{"ancestorTitles":["MapView - Task 8: Explore Places Query Optimization","Task 8.1: Adaptive Places Query Limits"],"fullName":"MapView - Task 8: Explore Places Query Optimization Task 8.1: Adaptive Places Query Limits should use limit of 100 for mobile devices","status":"passed","title":"should use limit of 100 for mobile devices","duration":1.5041999999998552,"failureMessages":[],"meta":{},"tags":[]},{"ancestorTitles":["MapView - Task 8: Explore Places Query Optimization","Task 8.1: Adaptive Places Query Limits"],"fullName":"MapView - Task 8: Explore Places Query Optimization Task 8.1: Adaptive Places Query Limits should use limit of 200 for desktop devices","status":"passed","title":"should use limit of 200 for desktop devices","duration":0.26630000000022847,"failureMessages":[],"meta":{},"tags":[]},{"ancestorTitles":["MapView - Task 8: Explore Places Query Optimization","Task 8.1: Adaptive Places Query Limits"],"fullName":"MapView - Task 8: Explore Places Query Optimization Task 8.1: Adaptive Places Query Limits should adapt limit when device type changes","status":"passed","title":"should adapt limit when device type changes","duration":0.20839999999998327,"failureMessages":[],"meta":{},"tags":[]},{"ancestorTitles":["MapView - Task 8: Explore Places Query Optimization","Task 8.2: Check-ins Query Optimization"],"fullName":"MapView - Task 8: Explore Places Query Optimization Task 8.2: Check-ins Query Optimization should use limit of 30 for mobile devices","status":"passed","title":"should use limit of 30 for mobile devices","duration":0.1435999999998785,"failureMessages":[],"meta":{},"tags":[]},{"ancestorTitles":["MapView - Task 8: Explore Places Query Optimization","Task 8.2: Check-ins Query Optimization"],"fullName":"MapView - Task 8: Explore Places Query Optimization Task 8.2: Check-ins Query Optimization should use limit of 50 for desktop devices","status":"passed","title":"should use limit of 50 for desktop devices","duration":0.11560000000008586,"failureMessages":[],"meta":{},"tags":[]},{"ancestorTitles":["MapView - Task 8: Explore Places Query Optimization","Task 8.2: Check-ins Query Optimization"],"fullName":"MapView - Task 8: Explore Places Query Optimization Task 8.2: Check-ins Query Optimization should filter expired check-ins at database level","status":"passed","title":"should filter expired check-ins at database level","duration":1.0859000000000378,"failureMessages":[],"meta":{},"tags":[]},{"ancestorTitles":["MapView - Task 8: Explore Places Query Optimization","Task 8.3: Events Query Optimization"],"fullName":"MapView - Task 8: Explore Places Query Optimization Task 8.3: Events Query Optimization should use limit of 5 for mobile devices","status":"passed","title":"should use limit of 5 for mobile devices","duration":0.1572000000001026,"failureMessages":[],"meta":{},"tags":[]},{"ancestorTitles":["MapView - Task 8: Explore Places Query Optimization","Task 8.3: Events Query Optimization"],"fullName":"MapView - Task 8: Explore Places Query Optimization Task 8.3: Events Query Optimization should use limit of 10 for desktop devices","status":"passed","title":"should use limit of 10 for desktop devices","duration":0.10840000000007421,"failureMessages":[],"meta":{},"tags":[]},{"ancestorTitles":["MapView - Task 8: Explore Places Query Optimization","Task 8.3: Events Query Optimization"],"fullName":"MapView - Task 8: Explore Places Query Optimization Task 8.3: Events Query Optimization should filter past events at database level","status":"passed","title":"should filter past events at database level","duration":0.3061999999999898,"failureMessages":[],"meta":{},"tags":[]},{"ancestorTitles":["MapView - Task 8: Explore Places Query Optimization","Cache Manager Integration"],"fullName":"MapView - Task 8: Explore Places Query Optimization Cache Manager Integration should initialize cache manager with 5-minute TTL","status":"passed","title":"should initialize cache manager with 5-minute TTL","duration":0.16939999999976862,"failureMessages":[],"meta":{},"tags":[]},{"ancestorTitles":["MapView - Task 8: Explore Places Query Optimization","Performance Metrics"],"fullName":"MapView - Task 8: Explore Places Query Optimization Performance Metrics should reduce mobile reads by using smaller limits","status":"passed","title":"should reduce mobile reads by using smaller limits","duration":0.16370000000006257,"failureMessages":[],"meta":{},"tags":[]},{"ancestorTitles":["MapView - Task 8: Explore Places Query Optimization","Performance Metrics"],"fullName":"MapView - Task 8: Explore Places Query Optimization Performance Metrics should filter expired data at database level","status":"passed","title":"should filter expired data at database level","duration":0.1718999999998232,"failureMessages":[],"meta":{},"tags":[]}],"startTime":1779001449735,"endTime":1779001449740.1719,"status":"passed","message":"","name":"C:/Users/Admin/Documents/tvu-student-connect/src/components/MapView.test.tsx"},{"assertionResults":[{"ancestorTitles":["useBlockedUsersBatch"],"fullName":"useBlockedUsersBatch should cache blocked profiles with 5 minute TTL","status":"passed","title":"should cache blocked profiles with 5 minute TTL","duration":4.30600000000004,"failureMessages":[],"meta":{},"tags":[]},{"ancestorTitles":["useBlockedUsersBatch"],"fullName":"useBlockedUsersBatch should handle batch size limits","status":"passed","title":"should handle batch size limits","duration":2.5299999999997453,"failureMessages":[],"meta":{},"tags":[]},{"ancestorTitles":["useBlockedUsersBatch"],"fullName":"useBlockedUsersBatch should split UIDs into chunks of 10 for Firestore \"in\" operator","status":"passed","title":"should split UIDs into chunks of 10 for Firestore \"in\" operator","duration":1.2835000000000036,"failureMessages":[],"meta":{},"tags":[]},{"ancestorTitles":["useBlockedUsersBatch"],"fullName":"useBlockedUsersBatch should cache blocked profiles and return on subsequent calls","status":"passed","title":"should cache blocked profiles and return on subsequent calls","duration":0.9432000000001608,"failureMessages":[],"meta":{},"tags":[]},{"ancestorTitles":["useBlockedUsersBatch"],"fullName":"useBlockedUsersBatch should invalidate blocked profiles cache with pattern","status":"passed","title":"should invalidate blocked profiles cache with pattern","duration":1.7397000000000844,"failureMessages":[],"meta":{},"tags":[]},{"ancestorTitles":["useBlockedUsersBatch"],"fullName":"useBlockedUsersBatch should handle empty blocked UIDs array","status":"passed","title":"should handle empty blocked UIDs array","duration":0.5353999999997541,"failureMessages":[],"meta":{},"tags":[]},{"ancestorTitles":["useBlockedUsersBatch"],"fullName":"useBlockedUsersBatch should sort UIDs for consistent cache keys","status":"passed","title":"should sort UIDs for consistent cache keys","duration":0.43429999999989377,"failureMessages":[],"meta":{},"tags":[]}],"startTime":1779001448974,"endTime":1779001448986.5354,"status":"passed","message":"","name":"C:/Users/Admin/Documents/tvu-student-connect/src/hooks/useBlockedUsersBatch.test.ts"},{"assertionResults":[{"ancestorTitles":["useCachedConversations","Initial Load"],"fullName":"useCachedConversations Initial Load should load conversations from Firestore on first call (cache miss)","status":"passed","title":"should load conversations from Firestore on first call (cache miss)","duration":123.23099999999977,"failureMessages":[],"meta":{},"tags":[]},{"ancestorTitles":["useCachedConversations","Initial Load"],"fullName":"useCachedConversations Initial Load should return empty array when user is not authenticated","status":"passed","title":"should return empty array when user is not authenticated","duration":11.212599999999838,"failureMessages":[],"meta":{},"tags":[]},{"ancestorTitles":["useCachedConversations","Cache Behavior"],"fullName":"useCachedConversations Cache Behavior should load conversations from cache on second call (cache hit)","status":"passed","title":"should load conversations from cache on second call (cache hit)","duration":149.17070000000012,"failureMessages":[],"meta":{},"tags":[]},{"ancestorTitles":["useCachedConversations","Cache Behavior"],"fullName":"useCachedConversations Cache Behavior should use correct cache key pattern","status":"passed","title":"should use correct cache key pattern","duration":7.552100000000337,"failureMessages":[],"meta":{},"tags":[]},{"ancestorTitles":["useCachedConversations","Cache Behavior"],"fullName":"useCachedConversations Cache Behavior should use 120 second TTL","status":"passed","title":"should use 120 second TTL","duration":7.5526999999997315,"failureMessages":[],"meta":{},"tags":[]},{"ancestorTitles":["useCachedConversations","Refresh Functionality"],"fullName":"useCachedConversations Refresh Functionality should refresh conversations when refresh() is called","status":"passed","title":"should refresh conversations when refresh() is called","duration":87.83519999999999,"failureMessages":[],"meta":{},"tags":[]},{"ancestorTitles":["useCachedConversations","Refresh Functionality"],"fullName":"useCachedConversations Refresh Functionality should reset state when refresh() is called","status":"passed","title":"should reset state when refresh() is called","duration":94.17959999999948,"failureMessages":[],"meta":{},"tags":[]},{"ancestorTitles":["useCachedConversations","Error Handling"],"fullName":"useCachedConversations Error Handling should handle Firestore errors gracefully","status":"passed","title":"should handle Firestore errors gracefully","duration":72.92410000000018,"failureMessages":[],"meta":{},"tags":[]},{"ancestorTitles":["useCachedConversations","Error Handling"],"fullName":"useCachedConversations Error Handling should clear error on successful refresh","status":"failed","title":"should clear error on successful refresh","duration":93.59190000000035,"failureMessages":["AssertionError: expected Error: Firestore error to be null\n    at C:/Users/Admin/Documents/tvu-student-connect/src/hooks/useCachedConversations.test.ts:340:36\n    at file:///C:/Users/Admin/Documents/tvu-student-connect/node_modules/@vitest/runner/dist/chunk-artifact.js:1903:20"],"meta":{},"tags":[]},{"ancestorTitles":["useCachedConversations","Query Configuration"],"fullName":"useCachedConversations Query Configuration should limit conversations to 20","status":"passed","title":"should limit conversations to 20","duration":6.78400000000056,"failureMessages":[],"meta":{},"tags":[]},{"ancestorTitles":["useCachedConversations","Query Configuration"],"fullName":"useCachedConversations Query Configuration should order by lastMessageAt desc","status":"passed","title":"should order by lastMessageAt desc","duration":5.92450000000008,"failureMessages":[],"meta":{},"tags":[]},{"ancestorTitles":["useCachedConversations","Query Configuration"],"fullName":"useCachedConversations Query Configuration should filter by current user in participants","status":"passed","title":"should filter by current user in participants","duration":5.27350000000024,"failureMessages":[],"meta":{},"tags":[]},{"ancestorTitles":["useCachedConversations","Performance Metrics"],"fullName":"useCachedConversations Performance Metrics should log performance metrics on load","status":"passed","title":"should log performance metrics on load","duration":87.28839999999946,"failureMessages":[],"meta":{},"tags":[]}],"startTime":1779001446096,"endTime":1779001446851.2883,"status":"failed","message":"","name":"C:/Users/Admin/Documents/tvu-student-connect/src/hooks/useCachedConversations.test.ts"},{"assertionResults":[{"ancestorTitles":["useCachedMatching","startMatching"],"fullName":"useCachedMatching startMatching should fetch profiles and update state","status":"failed","title":"should fetch profiles and update state","duration":80.45389999999952,"failureMessages":["AssertionError: expected [] to deeply equal [ { uid: 'profile1', …(13) }, …(1) ]\n    at C:/Users/Admin/Documents/tvu-student-connect/src/hooks/useCachedMatching.test.ts:132:39\n    at file:///C:/Users/Admin/Documents/tvu-student-connect/node_modules/@vitest/runner/dist/chunk-artifact.js:1903:20"],"meta":{},"tags":[]},{"ancestorTitles":["useCachedMatching","startMatching"],"fullName":"useCachedMatching startMatching should add shown UIDs to session Set","status":"passed","title":"should add shown UIDs to session Set","duration":52.25849999999991,"failureMessages":[],"meta":{},"tags":[]},{"ancestorTitles":["useCachedMatching","startMatching"],"fullName":"useCachedMatching startMatching should clear session UIDs when starting new matching","status":"passed","title":"should clear session UIDs when starting new matching","duration":13.142499999999927,"failureMessages":[],"meta":{},"tags":[]},{"ancestorTitles":["useCachedMatching","startMatching"],"fullName":"useCachedMatching startMatching should handle errors gracefully","status":"failed","title":"should handle errors gracefully","duration":15.873400000000402,"failureMessages":["AssertionError: expected null to be 'Đã xảy ra lỗi. Vui lòng thử lại sau.' // Object.is equality\n    at C:/Users/Admin/Documents/tvu-student-connect/src/hooks/useCachedMatching.test.ts:208:36\n    at file:///C:/Users/Admin/Documents/tvu-student-connect/node_modules/@vitest/runner/dist/chunk-artifact.js:1903:20"],"meta":{},"tags":[]},{"ancestorTitles":["useCachedMatching","loadOneMore"],"fullName":"useCachedMatching loadOneMore should load one more profile and add to list","status":"failed","title":"should load one more profile and add to list","duration":34.13959999999952,"failureMessages":["AssertionError: expected 2 to be 1 // Object.is equality\n    at C:/Users/Admin/Documents/tvu-student-connect/src/hooks/useCachedMatching.test.ts:235:46\n    at file:///C:/Users/Admin/Documents/tvu-student-connect/node_modules/@vitest/runner/dist/chunk-artifact.js:1903:20"],"meta":{},"tags":[]},{"ancestorTitles":["useCachedMatching","loadOneMore"],"fullName":"useCachedMatching loadOneMore should add new profile UID to session Set","status":"failed","title":"should add new profile UID to session Set","duration":14.219099999999344,"failureMessages":["AssertionError: expected 2 to be 3 // Object.is equality\n    at C:/Users/Admin/Documents/tvu-student-connect/src/hooks/useCachedMatching.test.ts:258:54\n    at file:///C:/Users/Admin/Documents/tvu-student-connect/node_modules/@vitest/runner/dist/chunk-artifact.js:1903:20"],"meta":{},"tags":[]},{"ancestorTitles":["useCachedMatching","loadOneMore"],"fullName":"useCachedMatching loadOneMore should handle null response from loadOneMoreProfile","status":"failed","title":"should handle null response from loadOneMoreProfile","duration":13.869199999999182,"failureMessages":["AssertionError: expected 2 to be +0 // Object.is equality\n    at C:/Users/Admin/Documents/tvu-student-connect/src/hooks/useCachedMatching.test.ts:282:46\n    at file:///C:/Users/Admin/Documents/tvu-student-connect/node_modules/@vitest/runner/dist/chunk-artifact.js:1903:20"],"meta":{},"tags":[]},{"ancestorTitles":["useCachedMatching","clearViewedCache"],"fullName":"useCachedMatching clearViewedCache should clear viewed cache and session UIDs","status":"passed","title":"should clear viewed cache and session UIDs","duration":10.598699999999553,"failureMessages":[],"meta":{},"tags":[]},{"ancestorTitles":["useCachedMatching","invalidateOnBlock"],"fullName":"useCachedMatching invalidateOnBlock should remove blocked user from profiles and session UIDs","status":"failed","title":"should remove blocked user from profiles and session UIDs","duration":9.32510000000002,"failureMessages":["AssertionError: expected +0 to be 2 // Object.is equality\n    at C:/Users/Admin/Documents/tvu-student-connect/src/hooks/useCachedMatching.test.ts:327:46\n    at file:///C:/Users/Admin/Documents/tvu-student-connect/node_modules/@vitest/runner/dist/chunk-artifact.js:1903:20"],"meta":{},"tags":[]},{"ancestorTitles":["useCachedMatching","invalidateOnBlock"],"fullName":"useCachedMatching invalidateOnBlock should handle blocking non-existent user gracefully","status":"passed","title":"should handle blocking non-existent user gracefully","duration":11.530100000000857,"failureMessages":[],"meta":{},"tags":[]},{"ancestorTitles":["useCachedMatching","viewedStats"],"fullName":"useCachedMatching viewedStats should update viewed stats after matching","status":"failed","title":"should update viewed stats after matching","duration":9.212899999999536,"failureMessages":["AssertionError: expected 5 to be 2 // Object.is equality\n    at C:/Users/Admin/Documents/tvu-student-connect/src/hooks/useCachedMatching.test.ts:377:48\n    at file:///C:/Users/Admin/Documents/tvu-student-connect/node_modules/@vitest/runner/dist/chunk-artifact.js:1903:20"],"meta":{},"tags":[]},{"ancestorTitles":["useCachedMatching","isShowingFallback"],"fullName":"useCachedMatching isShowingFallback should set isShowingFallback when service returns fallback profiles","status":"passed","title":"should set isShowingFallback when service returns fallback profiles","duration":9.324500000000626,"failureMessages":[],"meta":{},"tags":[]}],"startTime":1779001438491,"endTime":1779001438768.3245,"status":"failed","message":"","name":"C:/Users/Admin/Documents/tvu-student-connect/src/hooks/useCachedMatching.test.ts"},{"assertionResults":[{"ancestorTitles":["useCachedMessages","Cache-First Strategy"],"fullName":"useCachedMessages Cache-First Strategy should check cache first before subscribing to Firestore","status":"failed","title":"should check cache first before subscribing to Firestore","duration":36.08959999999979,"failureMessages":["FirebaseError: Expected first argument to collection() to be a CollectionReference, a DocumentReference or FirebaseFirestore"],"meta":{},"tags":[]},{"ancestorTitles":["useCachedMessages","Cache-First Strategy"],"fullName":"useCachedMessages Cache-First Strategy should return empty array when cache is empty","status":"failed","title":"should return empty array when cache is empty","duration":4.433300000000145,"failureMessages":["FirebaseError: Expected first argument to collection() to be a CollectionReference, a DocumentReference or FirebaseFirestore"],"meta":{},"tags":[]},{"ancestorTitles":["useCachedMessages","Cache-First Strategy"],"fullName":"useCachedMessages Cache-First Strategy should use correct cache key pattern","status":"failed","title":"should use correct cache key pattern","duration":4.057500000000346,"failureMessages":["FirebaseError: Expected first argument to collection() to be a CollectionReference, a DocumentReference or FirebaseFirestore"],"meta":{},"tags":[]},{"ancestorTitles":["useCachedMessages","Cache-First Strategy"],"fullName":"useCachedMessages Cache-First Strategy should use TTL of 120 seconds","status":"failed","title":"should use TTL of 120 seconds","duration":5.46309999999994,"failureMessages":["FirebaseError: Expected first argument to collection() to be a CollectionReference, a DocumentReference or FirebaseFirestore"],"meta":{},"tags":[]},{"ancestorTitles":["useCachedMessages","Cache-First Strategy"],"fullName":"useCachedMessages Cache-First Strategy should use sessionStorage for caching","status":"failed","title":"should use sessionStorage for caching","duration":5.07589999999982,"failureMessages":["FirebaseError: Expected first argument to collection() to be a CollectionReference, a DocumentReference or FirebaseFirestore"],"meta":{},"tags":[]},{"ancestorTitles":["useCachedMessages","Listener Management"],"fullName":"useCachedMessages Listener Management should maintain only 1 active listener per conversation","status":"failed","title":"should maintain only 1 active listener per conversation","duration":3.366700000000037,"failureMessages":["FirebaseError: Expected first argument to collection() to be a CollectionReference, a DocumentReference or FirebaseFirestore"],"meta":{},"tags":[]},{"ancestorTitles":["useCachedMessages","Listener Management"],"fullName":"useCachedMessages Listener Management should unsubscribe when conversation changes","status":"failed","title":"should unsubscribe when conversation changes","duration":5.7094999999999345,"failureMessages":["FirebaseError: Expected first argument to collection() to be a CollectionReference, a DocumentReference or FirebaseFirestore"],"meta":{},"tags":[]},{"ancestorTitles":["useCachedMessages","Listener Management"],"fullName":"useCachedMessages Listener Management should unsubscribe on unmount","status":"failed","title":"should unsubscribe on unmount","duration":5.812000000000353,"failureMessages":["FirebaseError: Expected first argument to collection() to be a CollectionReference, a DocumentReference or FirebaseFirestore"],"meta":{},"tags":[]},{"ancestorTitles":["useCachedMessages","Listener Management"],"fullName":"useCachedMessages Listener Management should cleanup all listeners on unsubscribeAll","status":"failed","title":"should cleanup all listeners on unsubscribeAll","duration":3.9182999999998174,"failureMessages":["FirebaseError: Expected first argument to collection() to be a CollectionReference, a DocumentReference or FirebaseFirestore"],"meta":{},"tags":[]},{"ancestorTitles":["useCachedMessages","Error Handling"],"fullName":"useCachedMessages Error Handling should handle cache read errors gracefully","status":"failed","title":"should handle cache read errors gracefully","duration":10.55679999999984,"failureMessages":["Error: Cache read error\n    at C:/Users/Admin/Documents/tvu-student-connect/src/hooks/useCachedMessages.test.ts:234:15\n    at Mock (file:///C:/Users/Admin/Documents/tvu-student-connect/node_modules/@vitest/spy/dist/index.js:332:34)\n    at C:/Users/Admin/Documents/tvu-student-connect/src/hooks/useCachedMessages.ts:213:28\n    at C:/Users/Admin/Documents/tvu-student-connect/src/hooks/useCachedMessages.ts:284:25\n    at Object.react_stack_bottom_frame (C:\\Users\\Admin\\Documents\\tvu-student-connect\\node_modules\\react-dom\\cjs\\react-dom-client.development.js:25989:20)\n    at runWithFiberInDEV (C:\\Users\\Admin\\Documents\\tvu-student-connect\\node_modules\\react-dom\\cjs\\react-dom-client.development.js:874:13)\n    at commitHookEffectListMount (C:\\Users\\Admin\\Documents\\tvu-student-connect\\node_modules\\react-dom\\cjs\\react-dom-client.development.js:13249:29)\n    at commitHookPassiveMountEffects (C:\\Users\\Admin\\Documents\\tvu-student-connect\\node_modules\\react-dom\\cjs\\react-dom-client.development.js:13336:11)\n    at commitPassiveMountOnFiber (C:\\Users\\Admin\\Documents\\tvu-student-connect\\node_modules\\react-dom\\cjs\\react-dom-client.development.js:15484:13)\n    at recursivelyTraversePassiveMountEffects (C:\\Users\\Admin\\Documents\\tvu-student-connect\\node_modules\\react-dom\\cjs\\react-dom-client.development.js:15439:11)"],"meta":{},"tags":[]},{"ancestorTitles":["useCachedMessages","Error Handling"],"fullName":"useCachedMessages Error Handling should set error state when listener fails","status":"failed","title":"should set error state when listener fails","duration":5.740499999999884,"failureMessages":["Error: Cache read error\n    at C:/Users/Admin/Documents/tvu-student-connect/src/hooks/useCachedMessages.test.ts:234:15\n    at Mock (file:///C:/Users/Admin/Documents/tvu-student-connect/node_modules/@vitest/spy/dist/index.js:332:34)\n    at C:/Users/Admin/Documents/tvu-student-connect/src/hooks/useCachedMessages.ts:213:28\n    at C:/Users/Admin/Documents/tvu-student-connect/src/hooks/useCachedMessages.ts:284:25\n    at Object.react_stack_bottom_frame (C:\\Users\\Admin\\Documents\\tvu-student-connect\\node_modules\\react-dom\\cjs\\react-dom-client.development.js:25989:20)\n    at runWithFiberInDEV (C:\\Users\\Admin\\Documents\\tvu-student-connect\\node_modules\\react-dom\\cjs\\react-dom-client.development.js:874:13)\n    at commitHookEffectListMount (C:\\Users\\Admin\\Documents\\tvu-student-connect\\node_modules\\react-dom\\cjs\\react-dom-client.development.js:13249:29)\n    at commitHookPassiveMountEffects (C:\\Users\\Admin\\Documents\\tvu-student-connect\\node_modules\\react-dom\\cjs\\react-dom-client.development.js:13336:11)\n    at commitPassiveMountOnFiber (C:\\Users\\Admin\\Documents\\tvu-student-connect\\node_modules\\react-dom\\cjs\\react-dom-client.development.js:15484:13)\n    at recursivelyTraversePassiveMountEffects (C:\\Users\\Admin\\Documents\\tvu-student-connect\\node_modules\\react-dom\\cjs\\react-dom-client.development.js:15439:11)"],"meta":{},"tags":[]},{"ancestorTitles":["useCachedMessages","Error Handling"],"fullName":"useCachedMessages Error Handling should handle cache write errors gracefully","status":"passed","title":"should handle cache write errors gracefully","duration":11.919499999999971,"failureMessages":[],"meta":{},"tags":[]},{"ancestorTitles":["useCachedMessages","Refresh Functionality"],"fullName":"useCachedMessages Refresh Functionality should clear messages and reload on refresh","status":"failed","title":"should clear messages and reload on refresh","duration":1064.6380999999997,"failureMessages":["AssertionError: expected [ { id: '1', text: 'Hello', …(2) } ] to deeply equal []\n\nIgnored nodes: comments, script, style\n\u001b[36m<html>\u001b[39m\n  \u001b[36m<head />\u001b[39m\n  \u001b[36m<body>\u001b[39m\n    \u001b[36m<div />\u001b[39m\n  \u001b[36m</body>\u001b[39m\n\u001b[36m</html>\u001b[39m\n    at C:/Users/Admin/Documents/tvu-student-connect/src/hooks/useCachedMessages.test.ts:293:41\n    at runWithExpensiveErrorDiagnosticsDisabled (C:\\Users\\Admin\\Documents\\tvu-student-connect\\node_modules\\@testing-library\\dom\\dist\\config.js:47:12)\n    at checkCallback (C:\\Users\\Admin\\Documents\\tvu-student-connect\\node_modules\\@testing-library\\dom\\dist\\wait-for.js:124:77)\n    at Timeout.checkRealTimersCallback (C:\\Users\\Admin\\Documents\\tvu-student-connect\\node_modules\\@testing-library\\dom\\dist\\wait-for.js:118:16)\n    at listOnTimeout (node:internal/timers:605:17)\n    at processTimers (node:internal/timers:541:7)"],"meta":{},"tags":[]},{"ancestorTitles":["useCachedMessages","Message Sorting"],"fullName":"useCachedMessages Message Sorting should sort messages by createdAt ascending (oldest first)","status":"failed","title":"should sort messages by createdAt ascending (oldest first)","duration":17.465500000000247,"failureMessages":["AssertionError: expected '3' to be '1' // Object.is equality\n    at C:/Users/Admin/Documents/tvu-student-connect/src/hooks/useCachedMessages.test.ts:321:45\n    at file:///C:/Users/Admin/Documents/tvu-student-connect/node_modules/@vitest/runner/dist/chunk-artifact.js:1903:20"],"meta":{},"tags":[]},{"ancestorTitles":["useCachedMessages","Loading State"],"fullName":"useCachedMessages Loading State should start with loading=true","status":"failed","title":"should start with loading=true","duration":8.739300000000185,"failureMessages":["AssertionError: expected false to be true // Object.is equality\n    at C:/Users/Admin/Documents/tvu-student-connect/src/hooks/useCachedMessages.test.ts:331:38\n    at file:///C:/Users/Admin/Documents/tvu-student-connect/node_modules/@vitest/runner/dist/chunk-artifact.js:302:11\n    at file:///C:/Users/Admin/Documents/tvu-student-connect/node_modules/@vitest/runner/dist/chunk-artifact.js:1903:26\n    at file:///C:/Users/Admin/Documents/tvu-student-connect/node_modules/@vitest/runner/dist/chunk-artifact.js:2326:20\n    at new Promise (<anonymous>)\n    at runWithCancel (file:///C:/Users/Admin/Documents/tvu-student-connect/node_modules/@vitest/runner/dist/chunk-artifact.js:2323:10)\n    at file:///C:/Users/Admin/Documents/tvu-student-connect/node_modules/@vitest/runner/dist/chunk-artifact.js:2305:20\n    at new Promise (<anonymous>)\n    at runWithTimeout (file:///C:/Users/Admin/Documents/tvu-student-connect/node_modules/@vitest/runner/dist/chunk-artifact.js:2272:10)\n    at file:///C:/Users/Admin/Documents/tvu-student-connect/node_modules/@vitest/runner/dist/chunk-artifact.js:2955:64"],"meta":{},"tags":[]},{"ancestorTitles":["useCachedMessages","Loading State"],"fullName":"useCachedMessages Loading State should set loading=false after cache hit","status":"passed","title":"should set loading=false after cache hit","duration":7.408699999999953,"failureMessages":[],"meta":{},"tags":[]},{"ancestorTitles":["useCachedMessages","Loading State"],"fullName":"useCachedMessages Loading State should set loading=false after listener receives data","status":"passed","title":"should set loading=false after listener receives data","duration":190.0598000000009,"failureMessages":[],"meta":{},"tags":[]},{"ancestorTitles":["useCachedMessages","Auth Guard"],"fullName":"useCachedMessages Auth Guard should not load messages when user is not authenticated","status":"passed","title":"should not load messages when user is not authenticated","duration":16.65019999999913,"failureMessages":[],"meta":{},"tags":[]},{"ancestorTitles":["MessageListenerManager"],"fullName":"MessageListenerManager should be a singleton","status":"passed","title":"should be a singleton","duration":1.5325000000002547,"failureMessages":[],"meta":{},"tags":[]},{"ancestorTitles":["MessageListenerManager"],"fullName":"MessageListenerManager should track active listener count","status":"failed","title":"should track active listener count","duration":4.881900000000314,"failureMessages":["AssertionError: expected +0 to be 1 // Object.is equality\n    at C:/Users/Admin/Documents/tvu-student-connect/src/hooks/useCachedMessages.test.ts:410:54\n    at file:///C:/Users/Admin/Documents/tvu-student-connect/node_modules/@vitest/runner/dist/chunk-artifact.js:302:11\n    at file:///C:/Users/Admin/Documents/tvu-student-connect/node_modules/@vitest/runner/dist/chunk-artifact.js:1903:26\n    at file:///C:/Users/Admin/Documents/tvu-student-connect/node_modules/@vitest/runner/dist/chunk-artifact.js:2326:20\n    at new Promise (<anonymous>)\n    at runWithCancel (file:///C:/Users/Admin/Documents/tvu-student-connect/node_modules/@vitest/runner/dist/chunk-artifact.js:2323:10)\n    at file:///C:/Users/Admin/Documents/tvu-student-connect/node_modules/@vitest/runner/dist/chunk-artifact.js:2305:20\n    at new Promise (<anonymous>)\n    at runWithTimeout (file:///C:/Users/Admin/Documents/tvu-student-connect/node_modules/@vitest/runner/dist/chunk-artifact.js:2272:10)\n    at file:///C:/Users/Admin/Documents/tvu-student-connect/node_modules/@vitest/runner/dist/chunk-artifact.js:2955:64"],"meta":{},"tags":[]},{"ancestorTitles":["MessageListenerManager"],"fullName":"MessageListenerManager should replace existing listener for same conversation","status":"failed","title":"should replace existing listener for same conversation","duration":3.678200000000288,"failureMessages":["AssertionError: expected +0 to be 1 // Object.is equality\n    at C:/Users/Admin/Documents/tvu-student-connect/src/hooks/useCachedMessages.test.ts:427:54\n    at file:///C:/Users/Admin/Documents/tvu-student-connect/node_modules/@vitest/runner/dist/chunk-artifact.js:302:11\n    at file:///C:/Users/Admin/Documents/tvu-student-connect/node_modules/@vitest/runner/dist/chunk-artifact.js:1903:26\n    at file:///C:/Users/Admin/Documents/tvu-student-connect/node_modules/@vitest/runner/dist/chunk-artifact.js:2326:20\n    at new Promise (<anonymous>)\n    at runWithCancel (file:///C:/Users/Admin/Documents/tvu-student-connect/node_modules/@vitest/runner/dist/chunk-artifact.js:2323:10)\n    at file:///C:/Users/Admin/Documents/tvu-student-connect/node_modules/@vitest/runner/dist/chunk-artifact.js:2305:20\n    at new Promise (<anonymous>)\n    at runWithTimeout (file:///C:/Users/Admin/Documents/tvu-student-connect/node_modules/@vitest/runner/dist/chunk-artifact.js:2272:10)\n    at file:///C:/Users/Admin/Documents/tvu-student-connect/node_modules/@vitest/runner/dist/chunk-artifact.js:2955:64"],"meta":{},"tags":[]},{"ancestorTitles":["MessageListenerManager"],"fullName":"MessageListenerManager should unsubscribe all listeners","status":"failed","title":"should unsubscribe all listeners","duration":3.9979000000002998,"failureMessages":["AssertionError: expected +0 to be 3 // Object.is equality\n    at C:/Users/Admin/Documents/tvu-student-connect/src/hooks/useCachedMessages.test.ts:438:54\n    at file:///C:/Users/Admin/Documents/tvu-student-connect/node_modules/@vitest/runner/dist/chunk-artifact.js:302:11\n    at file:///C:/Users/Admin/Documents/tvu-student-connect/node_modules/@vitest/runner/dist/chunk-artifact.js:1903:26\n    at file:///C:/Users/Admin/Documents/tvu-student-connect/node_modules/@vitest/runner/dist/chunk-artifact.js:2326:20\n    at new Promise (<anonymous>)\n    at runWithCancel (file:///C:/Users/Admin/Documents/tvu-student-connect/node_modules/@vitest/runner/dist/chunk-artifact.js:2323:10)\n    at file:///C:/Users/Admin/Documents/tvu-student-connect/node_modules/@vitest/runner/dist/chunk-artifact.js:2305:20\n    at new Promise (<anonymous>)\n    at runWithTimeout (file:///C:/Users/Admin/Documents/tvu-student-connect/node_modules/@vitest/runner/dist/chunk-artifact.js:2272:10)\n    at file:///C:/Users/Admin/Documents/tvu-student-connect/node_modules/@vitest/runner/dist/chunk-artifact.js:2955:64"],"meta":{},"tags":[]}],"startTime":1779001437787,"endTime":1779001439209.9978,"status":"failed","message":"","name":"C:/Users/Admin/Documents/tvu-student-connect/src/hooks/useCachedMessages.test.ts"},{"assertionResults":[{"ancestorTitles":["useCachedPlaces","Basic Functionality"],"fullName":"useCachedPlaces Basic Functionality should load places on mount","status":"passed","title":"should load places on mount","duration":122.83219999999983,"failureMessages":[],"meta":{},"tags":[]},{"ancestorTitles":["useCachedPlaces","Basic Functionality"],"fullName":"useCachedPlaces Basic Functionality should call optimizeQuery with correct config","status":"passed","title":"should call optimizeQuery with correct config","duration":28.234799999999268,"failureMessages":[],"meta":{},"tags":[]},{"ancestorTitles":["useCachedPlaces","Adaptive Limits (Task 6.3)"],"fullName":"useCachedPlaces Adaptive Limits (Task 6.3) should use limit 100 on mobile","status":"passed","title":"should use limit 100 on mobile","duration":9.94250000000011,"failureMessages":[],"meta":{},"tags":[]},{"ancestorTitles":["useCachedPlaces","Adaptive Limits (Task 6.3)"],"fullName":"useCachedPlaces Adaptive Limits (Task 6.3) should use limit 200 on desktop","status":"passed","title":"should use limit 200 on desktop","duration":7.774999999999636,"failureMessages":[],"meta":{},"tags":[]},{"ancestorTitles":["useCachedPlaces","Category Filtering (Task 6.4)"],"fullName":"useCachedPlaces Category Filtering (Task 6.4) should filter by category at database level","status":"passed","title":"should filter by category at database level","duration":10.511100000000624,"failureMessages":[],"meta":{},"tags":[]},{"ancestorTitles":["useCachedPlaces","Category Filtering (Task 6.4)"],"fullName":"useCachedPlaces Category Filtering (Task 6.4) should not filter when category is \"all\"","status":"passed","title":"should not filter when category is \"all\"","duration":6.795200000000477,"failureMessages":[],"meta":{},"tags":[]},{"ancestorTitles":["useCachedPlaces","Category Filtering (Task 6.4)"],"fullName":"useCachedPlaces Category Filtering (Task 6.4) should use correct cache key for category","status":"passed","title":"should use correct cache key for category","duration":7.22189999999955,"failureMessages":[],"meta":{},"tags":[]},{"ancestorTitles":["useCachedPlaces","Category Filtering (Task 6.4)"],"fullName":"useCachedPlaces Category Filtering (Task 6.4) should use \"places:all\" cache key when category is \"all\"","status":"passed","title":"should use \"places:all\" cache key when category is \"all\"","duration":7.89220000000023,"failureMessages":[],"meta":{},"tags":[]},{"ancestorTitles":["useCachedPlaces","Cache Configuration (Task 6.2)"],"fullName":"useCachedPlaces Cache Configuration (Task 6.2) should use 300 second TTL","status":"passed","title":"should use 300 second TTL","duration":8.931400000000394,"failureMessages":[],"meta":{},"tags":[]},{"ancestorTitles":["useCachedPlaces","Cache Configuration (Task 6.2)"],"fullName":"useCachedPlaces Cache Configuration (Task 6.2) should use sessionStorage","status":"passed","title":"should use sessionStorage","duration":4.9242999999996755,"failureMessages":[],"meta":{},"tags":[]},{"ancestorTitles":["useCachedPlaces","Cache Configuration (Task 6.2)"],"fullName":"useCachedPlaces Cache Configuration (Task 6.2) should return cached data when fromCache is true","status":"passed","title":"should return cached data when fromCache is true","duration":67.75759999999991,"failureMessages":[],"meta":{},"tags":[]},{"ancestorTitles":["useCachedPlaces","Cache Invalidation (Task 6.7)"],"fullName":"useCachedPlaces Cache Invalidation (Task 6.7) should provide invalidateCache function","status":"passed","title":"should provide invalidateCache function","duration":70.71749999999975,"failureMessages":[],"meta":{},"tags":[]},{"ancestorTitles":["useCachedPlaces","Cache Invalidation (Task 6.7)"],"fullName":"useCachedPlaces Cache Invalidation (Task 6.7) should invalidate cache when invalidateCache is called","status":"passed","title":"should invalidate cache when invalidateCache is called","duration":79.50590000000011,"failureMessages":[],"meta":{},"tags":[]},{"ancestorTitles":["useCachedPlaces","Cache Invalidation (Task 6.7)"],"fullName":"useCachedPlaces Cache Invalidation (Task 6.7) should invalidate cache with external function","status":"passed","title":"should invalidate cache with external function","duration":0.7914000000000669,"failureMessages":[],"meta":{},"tags":[]},{"ancestorTitles":["useCachedPlaces","Refresh Functionality"],"fullName":"useCachedPlaces Refresh Functionality should provide refresh function","status":"passed","title":"should provide refresh function","duration":71.30439999999999,"failureMessages":[],"meta":{},"tags":[]},{"ancestorTitles":["useCachedPlaces","Refresh Functionality"],"fullName":"useCachedPlaces Refresh Functionality should reload data when refresh is called","status":"passed","title":"should reload data when refresh is called","duration":71.41170000000056,"failureMessages":[],"meta":{},"tags":[]},{"ancestorTitles":["useCachedPlaces","Error Handling"],"fullName":"useCachedPlaces Error Handling should handle errors gracefully","status":"passed","title":"should handle errors gracefully","duration":76.39750000000004,"failureMessages":[],"meta":{},"tags":[]},{"ancestorTitles":["useCachedPlaces","Error Handling"],"fullName":"useCachedPlaces Error Handling should return empty array on error","status":"passed","title":"should return empty array on error","duration":70.60919999999987,"failureMessages":[],"meta":{},"tags":[]},{"ancestorTitles":["useCachedPlaces","Cache Disable Option"],"fullName":"useCachedPlaces Cache Disable Option should disable cache when enableCache is false","status":"passed","title":"should disable cache when enableCache is false","duration":5.255000000000109,"failureMessages":[],"meta":{},"tags":[]},{"ancestorTitles":["useCachedPlaces","Performance Logging"],"fullName":"useCachedPlaces Performance Logging should log performance metrics","status":"passed","title":"should log performance metrics","duration":73.92149999999947,"failureMessages":[],"meta":{},"tags":[]}],"startTime":1779001446758,"endTime":1779001447562.9214,"status":"passed","message":"","name":"C:/Users/Admin/Documents/tvu-student-connect/src/hooks/useCachedPlaces.test.ts"},{"assertionResults":[{"ancestorTitles":["useCachedPosts"],"fullName":"useCachedPosts should load initial posts with cache miss","status":"passed","title":"should load initial posts with cache miss","duration":116.26129999999966,"failureMessages":[],"meta":{},"tags":[]},{"ancestorTitles":["useCachedPosts"],"fullName":"useCachedPosts should load initial posts with cache hit","status":"passed","title":"should load initial posts with cache hit","duration":61.32310000000007,"failureMessages":[],"meta":{},"tags":[]},{"ancestorTitles":["useCachedPosts"],"fullName":"useCachedPosts should load more posts with pagination","status":"passed","title":"should load more posts with pagination","duration":159.48350000000028,"failureMessages":[],"meta":{},"tags":[]},{"ancestorTitles":["useCachedPosts"],"fullName":"useCachedPosts should not load more when hasMore is false","status":"passed","title":"should not load more when hasMore is false","duration":87.8091000000004,"failureMessages":[],"meta":{},"tags":[]},{"ancestorTitles":["useCachedPosts"],"fullName":"useCachedPosts should handle errors gracefully","status":"passed","title":"should handle errors gracefully","duration":82.65999999999985,"failureMessages":[],"meta":{},"tags":[]},{"ancestorTitles":["useCachedPosts"],"fullName":"useCachedPosts should refresh posts and invalidate cache","status":"passed","title":"should refresh posts and invalidate cache","duration":94.69680000000017,"failureMessages":[],"meta":{},"tags":[]},{"ancestorTitles":["useCachedPosts"],"fullName":"useCachedPosts should use correct cache configuration","status":"passed","title":"should use correct cache configuration","duration":3.3544999999999163,"failureMessages":[],"meta":{},"tags":[]},{"ancestorTitles":["useCachedPosts"],"fullName":"useCachedPosts should disable cache for pagination","status":"passed","title":"should disable cache for pagination","duration":85.8072000000002,"failureMessages":[],"meta":{},"tags":[]}],"startTime":1779001437442,"endTime":1779001438133.8071,"status":"passed","message":"","name":"C:/Users/Admin/Documents/tvu-student-connect/src/hooks/useCachedPosts.test.ts"},{"assertionResults":[{"ancestorTitles":["useConversations"],"fullName":"useConversations should load conversations with limit 20","status":"failed","title":"should load conversations with limit 20","duration":59.67939999999999,"failureMessages":["FirebaseError: Expected first argument to collection() to be a CollectionReference, a DocumentReference or FirebaseFirestore"],"meta":{},"tags":[]},{"ancestorTitles":["useConversations"],"fullName":"useConversations should filter out blocked users","status":"failed","title":"should filter out blocked users","duration":5.147000000000389,"failureMessages":["FirebaseError: Expected first argument to collection() to be a CollectionReference, a DocumentReference or FirebaseFirestore"],"meta":{},"tags":[]},{"ancestorTitles":["useConversations"],"fullName":"useConversations should unsubscribe on unmount","status":"failed","title":"should unsubscribe on unmount","duration":4.111100000000079,"failureMessages":["FirebaseError: Expected first argument to collection() to be a CollectionReference, a DocumentReference or FirebaseFirestore"],"meta":{},"tags":[]},{"ancestorTitles":["useConversations"],"fullName":"useConversations should handle errors gracefully","status":"failed","title":"should handle errors gracefully","duration":6.176299999999628,"failureMessages":["FirebaseError: Expected first argument to collection() to be a CollectionReference, a DocumentReference or FirebaseFirestore"],"meta":{},"tags":[]},{"ancestorTitles":["useConversations"],"fullName":"useConversations should batch fetch profiles efficiently","status":"failed","title":"should batch fetch profiles efficiently","duration":24.58690000000024,"failureMessages":["FirebaseError: Expected first argument to collection() to be a CollectionReference, a DocumentReference or FirebaseFirestore"],"meta":{},"tags":[]}],"startTime":1779001437694,"endTime":1779001437793.587,"status":"failed","message":"","name":"C:/Users/Admin/Documents/tvu-student-connect/src/hooks/useConversations.test.ts"},{"assertionResults":[{"ancestorTitles":["useMessages"],"fullName":"useMessages should load messages with limit 30","status":"failed","title":"should load messages with limit 30","duration":69.56899999999996,"failureMessages":["FirebaseError: Expected first argument to collection() to be a CollectionReference, a DocumentReference or FirebaseFirestore"],"meta":{},"tags":[]},{"ancestorTitles":["useMessages"],"fullName":"useMessages should sort messages by createdAt ascending","status":"failed","title":"should sort messages by createdAt ascending","duration":6.069500000000062,"failureMessages":["FirebaseError: Expected first argument to collection() to be a CollectionReference, a DocumentReference or FirebaseFirestore"],"meta":{},"tags":[]},{"ancestorTitles":["useMessages"],"fullName":"useMessages should load older messages with pagination","status":"failed","title":"should load older messages with pagination","duration":5.6077000000000226,"failureMessages":["FirebaseError: Expected first argument to collection() to be a CollectionReference, a DocumentReference or FirebaseFirestore"],"meta":{},"tags":[]},{"ancestorTitles":["useMessages"],"fullName":"useMessages should unsubscribe when conversation changes","status":"failed","title":"should unsubscribe when conversation changes","duration":20.79370000000017,"failureMessages":["FirebaseError: Expected first argument to collection() to be a CollectionReference, a DocumentReference or FirebaseFirestore"],"meta":{},"tags":[]},{"ancestorTitles":["useMessages"],"fullName":"useMessages should unsubscribe on unmount","status":"failed","title":"should unsubscribe on unmount","duration":4.820700000000215,"failureMessages":["FirebaseError: Expected first argument to collection() to be a CollectionReference, a DocumentReference or FirebaseFirestore"],"meta":{},"tags":[]},{"ancestorTitles":["useMessages"],"fullName":"useMessages should handle errors gracefully","status":"failed","title":"should handle errors gracefully","duration":4.13590000000022,"failureMessages":["FirebaseError: Expected first argument to collection() to be a CollectionReference, a DocumentReference or FirebaseFirestore"],"meta":{},"tags":[]},{"ancestorTitles":["useMessages"],"fullName":"useMessages should not load more when hasMore is false","status":"failed","title":"should not load more when hasMore is false","duration":3.17450000000008,"failureMessages":["FirebaseError: Expected first argument to collection() to be a CollectionReference, a DocumentReference or FirebaseFirestore"],"meta":{},"tags":[]}],"startTime":1779001437729,"endTime":1779001437843.1746,"status":"failed","message":"","name":"C:/Users/Admin/Documents/tvu-student-connect/src/hooks/useMessages.test.ts"},{"assertionResults":[{"ancestorTitles":["usePosts Hook"],"fullName":"usePosts Hook should load initial posts with limit 10 and 18-hour filter","status":"passed","title":"should load initial posts with limit 10 and 18-hour filter","duration":129.4631000000004,"failureMessages":[],"meta":{},"tags":[]},{"ancestorTitles":["usePosts Hook"],"fullName":"usePosts Hook should load more posts with pagination","status":"passed","title":"should load more posts with pagination","duration":152.0005000000001,"failureMessages":[],"meta":{},"tags":[]},{"ancestorTitles":["usePosts Hook"],"fullName":"usePosts Hook should subscribe to new posts after initial load","status":"passed","title":"should subscribe to new posts after initial load","duration":89.76510000000007,"failureMessages":[],"meta":{},"tags":[]},{"ancestorTitles":["usePosts Hook"],"fullName":"usePosts Hook should refresh posts and invalidate cache","status":"passed","title":"should refresh posts and invalidate cache","duration":155.13969999999972,"failureMessages":[],"meta":{},"tags":[]},{"ancestorTitles":["usePosts Hook"],"fullName":"usePosts Hook should not load more when already loading","status":"passed","title":"should not load more when already loading","duration":75.59720000000016,"failureMessages":[],"meta":{},"tags":[]},{"ancestorTitles":["usePosts Hook"],"fullName":"usePosts Hook should not load more when hasMore is false","status":"passed","title":"should not load more when hasMore is false","duration":76.34870000000001,"failureMessages":[],"meta":{},"tags":[]},{"ancestorTitles":["usePosts Hook"],"fullName":"usePosts Hook should handle errors gracefully","status":"passed","title":"should handle errors gracefully","duration":70.6259,"failureMessages":[],"meta":{},"tags":[]},{"ancestorTitles":["usePosts Hook"],"fullName":"usePosts Hook should unsubscribe from listener on unmount","status":"passed","title":"should unsubscribe from listener on unmount","duration":95.39980000000014,"failureMessages":[],"meta":{},"tags":[]}],"startTime":1779001444133,"endTime":1779001444978.4,"status":"passed","message":"","name":"C:/Users/Admin/Documents/tvu-student-connect/src/hooks/usePosts.test.ts"},{"assertionResults":[{"ancestorTitles":["useUserProfile"],"fullName":"useUserProfile should cache profile data with 180s TTL","status":"passed","title":"should cache profile data with 180s TTL","duration":1.4547999999999774,"failureMessages":[],"meta":{},"tags":[]},{"ancestorTitles":["useUserProfile"],"fullName":"useUserProfile should return null for expired cache entries","status":"passed","title":"should return null for expired cache entries","duration":0.22719999999981155,"failureMessages":[],"meta":{},"tags":[]},{"ancestorTitles":["useUserProfile"],"fullName":"useUserProfile should track cache hits and misses","status":"passed","title":"should track cache hits and misses","duration":0.4158999999999651,"failureMessages":[],"meta":{},"tags":[]},{"ancestorTitles":["useUserProfile"],"fullName":"useUserProfile should invalidate specific cache entry","status":"passed","title":"should invalidate specific cache entry","duration":0.15850000000000364,"failureMessages":[],"meta":{},"tags":[]},{"ancestorTitles":["useUserProfile"],"fullName":"useUserProfile should limit cache size to 100 entries","status":"passed","title":"should limit cache size to 100 entries","duration":0.262000000000171,"failureMessages":[],"meta":{},"tags":[]},{"ancestorTitles":["useUserProfile"],"fullName":"useUserProfile should calculate hit rate correctly","status":"passed","title":"should calculate hit rate correctly","duration":0.1572000000001026,"failureMessages":[],"meta":{},"tags":[]},{"ancestorTitles":["useUserProfile"],"fullName":"useUserProfile should handle cache invalidation pattern","status":"passed","title":"should handle cache invalidation pattern","duration":0.3786000000000058,"failureMessages":[],"meta":{},"tags":[]}],"startTime":1779001449828,"endTime":1779001449831.3787,"status":"passed","message":"","name":"C:/Users/Admin/Documents/tvu-student-connect/src/hooks/useUserProfile.test.ts"},{"assertionResults":[{"ancestorTitles":["Cache Manager - Property-Based Tests","Property: Cache Consistency"],"fullName":"Cache Manager - Property-Based Tests Property: Cache Consistency should return the same data that was stored (within TTL)","status":"failed","title":"should return the same data that was stored (within TTL)","duration":55.80659999999989,"failureMessages":["Error: Property failed after 6 tests\n{ seed: 620500009, path: \"5:0:0:1:3:2:2\", endOnFailure: true }\nCounterexample: [\" \",{\"\":[undefined]},1000,\"localStorage\"]\nShrunk 6 time(s)\n\nHint: Enable verbose mode in order to have the list of all failing values encountered during the run\n    at buildError (file:///C:/Users/Admin/Documents/tvu-student-connect/node_modules/fast-check/lib/fast-check.js:2434:16)\n    at throwIfFailed (file:///C:/Users/Admin/Documents/tvu-student-connect/node_modules/fast-check/lib/fast-check.js:2441:8)\n    at reportRunDetails (file:///C:/Users/Admin/Documents/tvu-student-connect/node_modules/fast-check/lib/fast-check.js:2457:14)\n    at Module.assert (file:///C:/Users/Admin/Documents/tvu-student-connect/node_modules/fast-check/lib/fast-check.js:2514:7)\n    at C:/Users/Admin/Documents/tvu-student-connect/src/utils/cacheManager.pbt.test.ts:37:10\n    at file:///C:/Users/Admin/Documents/tvu-student-connect/node_modules/@vitest/runner/dist/chunk-artifact.js:302:11\n    at file:///C:/Users/Admin/Documents/tvu-student-connect/node_modules/@vitest/runner/dist/chunk-artifact.js:1903:26\n    at file:///C:/Users/Admin/Documents/tvu-student-connect/node_modules/@vitest/runner/dist/chunk-artifact.js:2326:20\n    at new Promise (<anonymous>)\n    at runWithCancel (file:///C:/Users/Admin/Documents/tvu-student-connect/node_modules/@vitest/runner/dist/chunk-artifact.js:2323:10)"],"meta":{},"tags":[]},{"ancestorTitles":["Cache Manager - Property-Based Tests","Property: TTL Expiration"],"fullName":"Cache Manager - Property-Based Tests Property: TTL Expiration should return null after TTL expires","status":"failed","title":"should return null after TTL expires","duration":29.129300000000057,"failureMessages":["Error: Property failed after 3 tests\n{ seed: -96085312, path: \"2:0:0:1:3:4:3:3:3\", endOnFailure: true }\nCounterexample: [\" \",[{\"\":[undefined]}],100,\"localStorage\"]\nShrunk 8 time(s)\n\nHint: Enable verbose mode in order to have the list of all failing values encountered during the run\n    at buildError (file:///C:/Users/Admin/Documents/tvu-student-connect/node_modules/fast-check/lib/fast-check.js:2434:16)\n    at throwIfFailed (file:///C:/Users/Admin/Documents/tvu-student-connect/node_modules/fast-check/lib/fast-check.js:2441:8)\n    at reportRunDetails (file:///C:/Users/Admin/Documents/tvu-student-connect/node_modules/fast-check/lib/fast-check.js:2457:14)\n    at Module.assert (file:///C:/Users/Admin/Documents/tvu-student-connect/node_modules/fast-check/lib/fast-check.js:2514:7)\n    at C:/Users/Admin/Documents/tvu-student-connect/src/utils/cacheManager.pbt.test.ts:70:10\n    at file:///C:/Users/Admin/Documents/tvu-student-connect/node_modules/@vitest/runner/dist/chunk-artifact.js:302:11\n    at file:///C:/Users/Admin/Documents/tvu-student-connect/node_modules/@vitest/runner/dist/chunk-artifact.js:1903:26\n    at file:///C:/Users/Admin/Documents/tvu-student-connect/node_modules/@vitest/runner/dist/chunk-artifact.js:2326:20\n    at new Promise (<anonymous>)\n    at runWithCancel (file:///C:/Users/Admin/Documents/tvu-student-connect/node_modules/@vitest/runner/dist/chunk-artifact.js:2323:10)"],"meta":{},"tags":[]},{"ancestorTitles":["Cache Manager - Property-Based Tests","Property: TTL Expiration"],"fullName":"Cache Manager - Property-Based Tests Property: TTL Expiration should return data at any time before TTL expires","status":"failed","title":"should return data at any time before TTL expires","duration":30.554499999999734,"failureMessages":["Error: Property failed after 4 tests\n{ seed: -991427805, path: \"3:0:0:2:1:4:3:3:3:3:3\", endOnFailure: true }\nCounterexample: [\" \",{\"\":[[undefined]]},1000,0,\"localStorage\"]\nShrunk 10 time(s)\n\nHint: Enable verbose mode in order to have the 
[...]
-student-connect\\node_modules\\react-dom\\cjs\\react-dom-client.development.js:15439:11)\n    at commitPassiveMountOnFiber (C:\\Users\\Admin\\Documents\\tvu-student-connect\\node_modules\\react-dom\\cjs\\react-dom-client.development.js:15718:11)\n    at recursivelyTraversePassiveMountEffects (C:\\Users\\Admin\\Documents\\tvu-student-connect\\node_modules\\react-dom\\cjs\\react-dom-client.development.js:15439:11)\n    at commitPassiveMountOnFiber (C:\\Users\\Admin\\Documents\\tvu-student-connect\\node_modules\\react-dom\\cjs\\react-dom-client.development.js:15476:11)"],"meta":{},"tags":[]},{"ancestorTitles":["Preservation Property Tests: PlaceList Bottom Spacing","Property 2.7: Component Structure Preservation"],"fullName":"Preservation Property Tests: PlaceList Bottom Spacing Property 2.7: Component Structure Preservation PASS ON UNFIXED CODE: Component should render without errors","status":"failed","title":"PASS ON UNFIXED CODE: Component should render without errors","duration":70.8150999999998,"failureMessages":["TypeError: scrollContainerRef.current.scrollTo is not a function\n    at C:/Users/Admin/Documents/tvu-student-connect/src/components/PlaceList.tsx:131:34\n    at Object.react_stack_bottom_frame (C:\\Users\\Admin\\Documents\\tvu-student-connect\\node_modules\\react-dom\\cjs\\react-dom-client.development.js:25989:20)\n    at runWithFiberInDEV (C:\\Users\\Admin\\Documents\\tvu-student-connect\\node_modules\\react-dom\\cjs\\react-dom-client.development.js:874:13)\n    at commitHookEffectListMount (C:\\Users\\Admin\\Documents\\tvu-student-connect\\node_modules\\react-dom\\cjs\\react-dom-client.development.js:13249:29)\n    at commitHookPassiveMountEffects (C:\\Users\\Admin\\Documents\\tvu-student-connect\\node_modules\\react-dom\\cjs\\react-dom-client.development.js:13336:11)\n    at commitPassiveMountOnFiber (C:\\Users\\Admin\\Documents\\tvu-student-connect\\node_modules\\react-dom\\cjs\\react-dom-client.development.js:15484:13)\n    at recursivelyTraversePassiveMountEffects (C:\\Users\\Admin\\Documents\\tvu-student-connect\\node_modules\\react-dom\\cjs\\react-dom-client.development.js:15439:11)\n    at commitPassiveMountOnFiber (C:\\Users\\Admin\\Documents\\tvu-student-connect\\node_modules\\react-dom\\cjs\\react-dom-client.development.js:15718:11)\n    at recursivelyTraversePassiveMountEffects (C:\\Users\\Admin\\Documents\\tvu-student-connect\\node_modules\\react-dom\\cjs\\react-dom-client.development.js:15439:11)\n    at commitPassiveMountOnFiber (C:\\Users\\Admin\\Documents\\tvu-student-connect\\node_modules\\react-dom\\cjs\\react-dom-client.development.js:15476:11)"],"meta":{},"tags":[]},{"ancestorTitles":["Preservation Property Tests: PlaceList Bottom Spacing","Property 2.7: Component Structure Preservation"],"fullName":"Preservation Property Tests: PlaceList Bottom Spacing Property 2.7: Component Structure Preservation PASS ON UNFIXED CODE: Search bar should exist","status":"failed","title":"PASS ON UNFIXED CODE: Search bar should exist","duration":45.2453000000005,"failureMessages":["TypeError: scrollContainerRef.current.scrollTo is not a function\n    at C:/Users/Admin/Documents/tvu-student-connect/src/components/PlaceList.tsx:131:34\n    at Object.react_stack_bottom_frame (C:\\Users\\Admin\\Documents\\tvu-student-connect\\node_modules\\react-dom\\cjs\\react-dom-client.development.js:25989:20)\n    at runWithFiberInDEV (C:\\Users\\Admin\\Documents\\tvu-student-connect\\node_modules\\react-dom\\cjs\\react-dom-client.development.js:874:13)\n    at commitHookEffectListMount (C:\\Users\\Admin\\Documents\\tvu-student-connect\\node_modules\\react-dom\\cjs\\react-dom-client.development.js:13249:29)\n    at commitHookPassiveMountEffects (C:\\Users\\Admin\\Documents\\tvu-student-connect\\node_modules\\react-dom\\cjs\\react-dom-client.development.js:13336:11)\n    at commitPassiveMountOnFiber (C:\\Users\\Admin\\Documents\\tvu-student-connect\\node_modules\\react-dom\\cjs\\react-dom-client.development.js:15484:13)\n    at recursivelyTraversePassiveMountEffects (C:\\Users\\Admin\\Documents\\tvu-student-connect\\node_modules\\react-dom\\cjs\\react-dom-client.development.js:15439:11)\n    at commitPassiveMountOnFiber (C:\\Users\\Admin\\Documents\\tvu-student-connect\\node_modules\\react-dom\\cjs\\react-dom-client.development.js:15718:11)\n    at recursivelyTraversePassiveMountEffects (C:\\Users\\Admin\\Documents\\tvu-student-connect\\node_modules\\react-dom\\cjs\\react-dom-client.development.js:15439:11)\n    at commitPassiveMountOnFiber (C:\\Users\\Admin\\Documents\\tvu-student-connect\\node_modules\\react-dom\\cjs\\react-dom-client.development.js:15476:11)"],"meta":{},"tags":[]},{"ancestorTitles":["Preservation Property Tests: PlaceList Bottom Spacing","Property 2.7: Component Structure Preservation"],"fullName":"Preservation Property Tests: PlaceList Bottom Spacing Property 2.7: Component Structure Preservation PASS ON UNFIXED CODE: Category pills should exist","status":"failed","title":"PASS ON UNFIXED CODE: Category pills should exist","duration":59.81029999999919,"failureMessages":["TypeError: scrollContainerRef.current.scrollTo is not a function\n    at C:/Users/Admin/Documents/tvu-student-connect/src/components/PlaceList.tsx:131:34\n    at Object.react_stack_bottom_frame (C:\\Users\\Admin\\Documents\\tvu-student-connect\\node_modules\\react-dom\\cjs\\react-dom-client.development.js:25989:20)\n    at runWithFiberInDEV (C:\\Users\\Admin\\Documents\\tvu-student-connect\\node_modules\\react-dom\\cjs\\react-dom-client.development.js:874:13)\n    at commitHookEffectListMount (C:\\Users\\Admin\\Documents\\tvu-student-connect\\node_modules\\react-dom\\cjs\\react-dom-client.development.js:13249:29)\n    at commitHookPassiveMountEffects (C:\\Users\\Admin\\Documents\\tvu-student-connect\\node_modules\\react-dom\\cjs\\react-dom-client.development.js:13336:11)\n    at commitPassiveMountOnFiber (C:\\Users\\Admin\\Documents\\tvu-student-connect\\node_modules\\react-dom\\cjs\\react-dom-client.development.js:15484:13)\n    at recursivelyTraversePassiveMountEffects (C:\\Users\\Admin\\Documents\\tvu-student-connect\\node_modules\\react-dom\\cjs\\react-dom-client.development.js:15439:11)\n    at commitPassiveMountOnFiber (C:\\Users\\Admin\\Documents\\tvu-student-connect\\node_modules\\react-dom\\cjs\\react-dom-client.development.js:15718:11)\n    at recursivelyTraversePassiveMountEffects (C:\\Users\\Admin\\Documents\\tvu-student-connect\\node_modules\\react-dom\\cjs\\react-dom-client.development.js:15439:11)\n    at commitPassiveMountOnFiber (C:\\Users\\Admin\\Documents\\tvu-student-connect\\node_modules\\react-dom\\cjs\\react-dom-client.development.js:15476:11)"],"meta":{},"tags":[]},{"ancestorTitles":["Preservation Property Tests: PlaceList Bottom Spacing","Property 2.7: Component Structure Preservation"],"fullName":"Preservation Property Tests: PlaceList Bottom Spacing Property 2.7: Component Structure Preservation PASS ON UNFIXED CODE: Results counter should exist","status":"failed","title":"PASS ON UNFIXED CODE: Results counter should exist","duration":56.94810000000052,"failureMessages":["TypeError: scrollContainerRef.current.scrollTo is not a function\n    at C:/Users/Admin/Documents/tvu-student-connect/src/components/PlaceList.tsx:131:34\n    at Object.react_stack_bottom_frame (C:\\Users\\Admin\\Documents\\tvu-student-connect\\node_modules\\react-dom\\cjs\\react-dom-client.development.js:25989:20)\n    at runWithFiberInDEV (C:\\Users\\Admin\\Documents\\tvu-student-connect\\node_modules\\react-dom\\cjs\\react-dom-client.development.js:874:13)\n    at commitHookEffectListMount (C:\\Users\\Admin\\Documents\\tvu-student-connect\\node_modules\\react-dom\\cjs\\react-dom-client.development.js:13249:29)\n    at commitHookPassiveMountEffects (C:\\Users\\Admin\\Documents\\tvu-student-connect\\node_modules\\react-dom\\cjs\\react-dom-client.development.js:13336:11)\n    at commitPassiveMountOnFiber (C:\\Users\\Admin\\Documents\\tvu-student-connect\\node_modules\\react-dom\\cjs\\react-dom-client.development.js:15484:13)\n    at recursivelyTraversePassiveMountEffects (C:\\Users\\Admin\\Documents\\tvu-student-connect\\node_modules\\react-dom\\cjs\\react-dom-client.development.js:15439:11)\n    at commitPassiveMountOnFiber (C:\\Users\\Admin\\Documents\\tvu-student-connect\\node_modules\\react-dom\\cjs\\react-dom-client.development.js:15718:11)\n    at recursivelyTraversePassiveMountEffects (C:\\Users\\Admin\\Documents\\tvu-student-connect\\node_modules\\react-dom\\cjs\\react-dom-client.development.js:15439:11)\n    at commitPassiveMountOnFiber (C:\\Users\\Admin\\Documents\\tvu-student-connect\\node_modules\\react-dom\\cjs\\react-dom-client.development.js:15476:11)"],"meta":{},"tags":[]}],"startTime":1779001438387,"endTime":1779001439921.948,"status":"failed","message":"","name":"C:/Users/Admin/Documents/tvu-student-connect/.kiro/specs/explore-placelist-bottom-spacing/placelist-preservation.pbt.test.tsx"},{"assertionResults":[{"ancestorTitles":["Property 1: Bug Condition - Tour Không Khởi Động Trên Mobile Từ Settings","Scenario 1: Mobile iPhone 13 (390px) - Tour từ Settings"],"fullName":"Property 1: Bug Condition - Tour Không Khởi Động Trên Mobile Từ Settings Scenario 1: Mobile iPhone 13 (390px) - Tour từ Settings FAIL ON UNFIXED CODE: Tour should start but elements not found after 100ms","status":"passed","title":"FAIL ON UNFIXED CODE: Tour should start but elements not found after 100ms","duration":690.1535000000003,"failureMessages":[],"meta":{},"tags":[]},{"ancestorTitles":["Property 1: Bug Condition - Tour Không Khởi Động Trên Mobile Từ Settings","Scenario 2: Mobile Samsung Galaxy (360px) - Tour từ Settings"],"fullName":"Property 1: Bug Condition - Tour Không Khởi Động Trên Mobile Từ Settings Scenario 2: Mobile Samsung Galaxy (360px) - Tour từ Settings FAIL ON UNFIXED CODE: Tour should start but elements not ready","status":"passed","title":"FAIL ON UNFIXED CODE: Tour should start but elements not ready","duration":387.5725999999995,"failureMessages":[],"meta":{},"tags":[]},{"ancestorTitles":["Property 1: Bug Condition - Tour Không Khởi Động Trên Mobile Từ Settings","Scenario 3: Timing Test - Elements Render Time"],"fullName":"Property 1: Bug Condition - Tour Không Khởi Động Trên Mobile Từ Settings Scenario 3: Timing Test - Elements Render Time FAIL ON UNFIXED CODE: 100ms is insufficient for mobile element rendering","status":"failed","title":"FAIL ON UNFIXED CODE: 100ms is insufficient for mobile element rendering","duration":361.77289999999994,"failureMessages":["AssertionError: expected 0 to be greater than or equal to 7\n    at C:/Users/Admin/Documents/tvu-student-connect/.kiro/specs/onboarding-tour-mobile-trigger/tour-mobile-trigger.pbt.test.tsx:237:31\n    at file:///C:/Users/Admin/Documents/tvu-student-connect/node_modules/@vitest/runner/dist/chunk-artifact.js:1903:20"],"meta":{},"tags":[]},{"ancestorTitles":["Property 1: Bug Condition - Tour Không Khởi Động Trên Mobile Từ Settings","Scenario 4: Race Condition Test"],"fullName":"Property 1: Bug Condition - Tour Không Khởi Động Trên Mobile Từ Settings Scenario 4: Race Condition Test FAIL ON UNFIXED CODE: Tour triggers before Home view fully renders","status":"failed","title":"FAIL ON UNFIXED CODE: Tour triggers before Home view fully renders","duration":173.55639999999948,"failureMessages":["AssertionError: expected 0 to be greater than or equal to 7\n    at C:/Users/Admin/Documents/tvu-student-connect/.kiro/specs/onboarding-tour-mobile-trigger/tour-mobile-trigger.pbt.test.tsx:279:38\n    at file:///C:/Users/Admin/Documents/tvu-student-connect/node_modules/@vitest/runner/dist/chunk-artifact.js:1903:20"],"meta":{},"tags":[]},{"ancestorTitles":["Property 1: Bug Condition - Tour Không Khởi Động Trên Mobile Từ Settings","Scenario 5: Mobile vs Desktop Comparison"],"fullName":"Property 1: Bug Condition - Tour Không Khởi Động Trên Mobile Từ Settings Scenario 5: Mobile vs Desktop Comparison FAIL ON UNFIXED CODE: Mobile needs more time than desktop","status":"passed","title":"FAIL ON UNFIXED CODE: Mobile needs more time than desktop","duration":595.2154999999993,"failureMessages":[],"meta":{},"tags":[]},{"ancestorTitles":["Property 1: Bug Condition - Tour Không Khởi Động Trên Mobile Từ Settings","Scenario 6: Element Verification Test"],"fullName":"Property 1: Bug Condition - Tour Không Khởi Động Trên Mobile Từ Settings Scenario 6: Element Verification Test FAIL ON UNFIXED CODE: No verification logic before starting tour","status":"failed","title":"FAIL ON UNFIXED CODE: No verification logic before starting tour","duration":267.23160000000007,"failureMessages":["AssertionError: expected 0 to be greater than or equal to 7\n    at C:/Users/Admin/Documents/tvu-student-connect/.kiro/specs/onboarding-tour-mobile-trigger/tour-mobile-trigger.pbt.test.tsx:379:29\n    at file:///C:/Users/Admin/Documents/tvu-student-connect/node_modules/@vitest/runner/dist/chunk-artifact.js:1903:20"],"meta":{},"tags":[]}],"startTime":1779001437507,"endTime":1779001439985.2317,"status":"failed","message":"","name":"C:/Users/Admin/Documents/tvu-student-connect/.kiro/specs/onboarding-tour-mobile-trigger/tour-mobile-trigger.pbt.test.tsx"},{"assertionResults":[{"ancestorTitles":["Property 2: Preservation - Tour Hoạt Động Bình Thường Ở Các Trường Hợp Khác","Requirement 3.1: Desktop Tour từ Settings"],"fullName":"Property 2: Preservation - Tour Hoạt Động Bình Thường Ở Các Trường Hợp Khác Requirement 3.1: Desktop Tour từ Settings PASS ON UNFIXED CODE: Desktop tour should work normally from Settings","status":"passed","title":"PASS ON UNFIXED CODE: Desktop tour should work normally from Settings","duration":780.2605000000003,"failureMessages":[],"meta":{},"tags":[]},{"ancestorTitles":["Property 2: Preservation - Tour Hoạt Động Bình Thường Ở Các Trường Hợp Khác","Requirement 3.1: Desktop Tour từ Settings"],"fullName":"Property 2: Preservation - Tour Hoạt Động Bình Thường Ở Các Trường Hợp Khác Requirement 3.1: Desktop Tour từ Settings PASS ON UNFIXED CODE: Desktop tour with various screen sizes","status":"passed","title":"PASS ON UNFIXED CODE: Desktop tour with various screen sizes","duration":1362.2578000000003,"failureMessages":[],"meta":{},"tags":[]},{"ancestorTitles":["Property 2: Preservation - Tour Hoạt Động Bình Thường Ở Các Trường Hợp Khác","Requirement 3.2: Mobile Tour từ First-Login Flow"],"fullName":"Property 2: Preservation - Tour Hoạt Động Bình Thường Ở Các Trường Hợp Khác Requirement 3.2: Mobile Tour từ First-Login Flow PASS ON UNFIXED CODE: Mobile tour from first-login should work","status":"passed","title":"PASS ON UNFIXED CODE: Mobile tour from first-login should work","duration":212.08780000000024,"failureMessages":[],"meta":{},"tags":[]},{"ancestorTitles":["Property 2: Preservation - Tour Hoạt Động Bình Thường Ở Các Trường Hợp Khác","Requirement 3.2: Mobile Tour từ First-Login Flow"],"fullName":"Property 2: Preservation - Tour Hoạt Động Bình Thường Ở Các Trường Hợp Khác Requirement 3.2: Mobile Tour từ First-Login Flow PASS ON UNFIXED CODE: Mobile tour from first-login on various devices","status":"passed","title":"PASS ON UNFIXED CODE: Mobile tour from first-login on various devices","duration":1156.2625000000007,"failureMessages":[],"meta":{},"tags":[]},{"ancestorTitles":["Property 2: Preservation - Tour Hoạt Động Bình Thường Ở Các Trường Hợp Khác","Requirement 3.3: Tour Khi Đã Ở Home View"],"fullName":"Property 2: Preservation - Tour Hoạt Động Bình Thường Ở Các Trường Hợp Khác Requirement 3.3: Tour Khi Đã Ở Home View PASS ON UNFIXED CODE: Tour should start immediately when already on Home","status":"passed","title":"PASS ON UNFIXED CODE: Tour should start immediately when already on Home","duration":159.40059999999994,"failureMessages":[],"meta":{},"tags":[]},{"ancestorTitles":["Property 2: Preservation - Tour Hoạt Động Bình Thường Ở Các Trường Hợp Khác","Requirement 3.3: Tour Khi Đã Ở Home View"],"fullName":"Property 2: Preservation - Tour Hoạt Động Bình Thường Ở Các Trường Hợp Khác Requirement 3.3: Tour Khi Đã Ở Home View PASS ON UNFIXED CODE: Desktop tour when already on Home","status":"passed","title":"PASS ON UNFIXED CODE: Desktop tour when already on Home","duration":176.29200000000037,"failureMessages":[],"meta":{},"tags":[]},{"ancestorTitles":["Property 2: Preservation - Tour Hoạt Động Bình Thường Ở Các Trường Hợp Khác","Requirement 3.4: Tour Skip/Close Behavior"],"fullName":"Property 2: Preservation - Tour Hoạt Động Bình Thường Ở Các Trường Hợp Khác Requirement 3.4: Tour Skip/Close Behavior PASS ON UNFIXED CODE: Tour should accept onComplete callback","status":"passed","title":"PASS ON UNFIXED CODE: Tour should accept onComplete callback","duration":187.6891999999989,"failureMessages":[],"meta":{},"tags":[]},{"ancestorTitles":["Property 2: Preservation - Tour Hoạt Động Bình Thường Ở Các Trường Hợp Khác","Requirement 3.4: Tour Skip/Close Behavior"],"fullName":"Property 2: Preservation - Tour Hoạt Động Bình Thường Ở Các Trường Hợp Khác Requirement 3.4: Tour Skip/Close Behavior PASS ON UNFIXED CODE: Tour should stop when run prop changes to false","status":"passed","title":"PASS ON UNFIXED CODE: Tour should stop when run prop changes to false","duration":415.15480000000025,"failureMessages":[],"meta":{},"tags":[]},{"ancestorTitles":["Property 2: Preservation - Tour Hoạt Động Bình Thường Ở Các Trường Hợp Khác","Requirement 3.5: Tour Step Navigation"],"fullName":"Property 2: Preservation - Tour Hoạt Động Bình Thường Ở Các Trường Hợp Khác Requirement 3.5: Tour Step Navigation PASS ON UNFIXED CODE: Tour should support Next/Back/Skip buttons","status":"passed","title":"PASS ON UNFIXED CODE: Tour should support Next/Back/Skip buttons","duration":170.9958000000006,"failureMessages":[],"meta":{},"tags":[]},{"ancestorTitles":["Property 2: Preservation - Tour Hoạt Động Bình Thường Ở Các Trường Hợp Khác","Requirement 3.5: Tour Step Navigation"],"fullName":"Property 2: Preservation - Tour Hoạt Động Bình Thường Ở Các Trường Hợp Khác Requirement 3.5: Tour Step Navigation PASS ON UNFIXED CODE: Tour should handle missing elements gracefully","status":"passed","title":"PASS ON UNFIXED CODE: Tour should handle missing elements gracefully","duration":530.8816999999999,"failureMessages":[],"meta":{},"tags":[]},{"ancestorTitles":["Property 2: Preservation - Tour Hoạt Động Bình Thường Ở Các Trường Hợp Khác","Property-Based: Preservation Across Input Space"],"fullName":"Property 2: Preservation - Tour Hoạt Động Bình Thường Ở Các Trường Hợp Khác Property-Based: Preservation Across Input Space PASS ON UNFIXED CODE: Desktop widths (768px+) should always work","status":"passed","title":"PASS ON UNFIXED CODE: Desktop widths (768px+) should always work","duration":2067.8437000000013,"failureMessages":[],"meta":{},"tags":[]},{"ancestorTitles":["Property 2: Preservation - Tour Hoạt Động Bình Thường Ở Các Trường Hợp Khác","Property-Based: Preservation Across Input Space"],"fullName":"Property 2: Preservation - Tour Hoạt Động Bình Thường Ở Các Trường Hợp Khác Property-Based: Preservation Across Input Space PASS ON UNFIXED CODE: Mobile with elements ready should work","status":"passed","title":"PASS ON UNFIXED CODE: Mobile with elements ready should work","duration":597.5380999999998,"failureMessages":[],"meta":{},"tags":[]},{"ancestorTitles":["Property 2: Preservation - Tour Hoạt Động Bình Thường Ở Các Trường Hợp Khác","Property-Based: Preservation Across Input Space"],"fullName":"Property 2: Preservation - Tour Hoạt Động Bình Thường Ở Các Trường Hợp Khác Property-Based: Preservation Across Input Space PASS ON UNFIXED CODE: Edge case at breakpoint (768px)","status":"passed","title":"PASS ON UNFIXED CODE: Edge case at breakpoint (768px)","duration":198.61449999999968,"failureMessages":[],"meta":{},"tags":[]}],"startTime":1779001442673,"endTime":1779001450692.6145,"status":"passed","message":"","name":"C:/Users/Admin/Documents/tvu-student-connect/.kiro/specs/onboarding-tour-mobile-trigger/tour-preservation.pbt.test.tsx"}]}